#
# There is insufficient memory for the Java Runtime Environment to continue.
# Native memory allocation (malloc) failed to allocate 1093936 bytes. Error detail: Chunk::new
# Possible reasons:
#   The system is out of physical RAM or swap space
#   This process is running with CompressedOops enabled, and the Java Heap may be blocking the growth of the native heap
# Possible solutions:
#   Reduce memory load on the system
#   Increase physical memory or swap space
#   Check if swap backing store is full
#   Decrease Java heap size (-Xmx/-Xms)
#   Decrease number of Java threads
#   Decrease Java thread stack sizes (-Xss)
#   Set larger code cache with -XX:ReservedCodeCacheSize=
#   JVM is running with Unscaled Compressed Oops mode in which the Java heap is
#     placed in the first 4GB address space. The Java Heap base address is the
#     maximum limit for the native heap growth. Please use -XX:HeapBaseMinAddress
#     to set the Java Heap base and to place the Java Heap above 4GB virtual address.
# This output file may be truncated or incomplete.
#
#  Out of Memory Error (arena.cpp:168), pid=3040, tid=5884
#
# JRE version: OpenJDK Runtime Environment (21.0.9) (build 21.0.9+-14649483-b1163.86)
# Java VM: OpenJDK 64-Bit Server VM (21.0.9+-14649483-b1163.86, mixed mode, tiered, compressed oops, compressed class ptrs, g1 gc, windows-amd64)
# No core dump will be written. Minidumps are not enabled by default on client versions of Windows
#

---------------  S U M M A R Y ------------

Command Line: --add-opens=java.base/java.lang=ALL-UNNAMED --add-opens=java.base/java.lang.invoke=ALL-UNNAMED --add-opens=java.base/java.util=ALL-UNNAMED --add-opens=java.prefs/java.util.prefs=ALL-UNNAMED --add-exports=jdk.compiler/com.sun.tools.javac.api=ALL-UNNAMED --add-exports=jdk.compiler/com.sun.tools.javac.util=ALL-UNNAMED --add-opens=java.base/java.util=ALL-UNNAMED --add-opens=java.prefs/java.util.prefs=ALL-UNNAMED --add-opens=java.base/java.nio.charset=ALL-UNNAMED --add-opens=java.base/java.net=ALL-UNNAMED --add-opens=java.base/java.util.concurrent=ALL-UNNAMED --add-opens=java.base/java.util.concurrent.atomic=ALL-UNNAMED --add-opens=java.xml/javax.xml.namespace=ALL-UNNAMED --add-opens=java.base/java.time=ALL-UNNAMED -Xmx2048m -Dfile.encoding=UTF-8 -Duser.country=RU -Duser.language=ru -Duser.variant -javaagent:C:\Users\maksi\.gradle\wrapper\dists\gradle-9.2.1-bin\2t0n5ozlw9xmuyvbp7dnzaxug\gradle-9.2.1\lib\agents\gradle-instrumentation-agent-9.2.1.jar org.gradle.launcher.daemon.bootstrap.GradleDaemon 9.2.1

Host: AMD Ryzen 5 5500U with Radeon Graphics         , 12 cores, 5G,  Windows 11 , 64 bit Build 26100 (10.0.26100.7920)
Time: Sat Apr 11 18:02:40 2026 elapsed time: 14.818804 seconds (0d 0h 0m 14s)

---------------  T H R E A D  ---------------

Current thread (0x00000161f8537150):  JavaThread "C2 CompilerThread0" daemon [_thread_in_native, id=5884, stack(0x00000053e2100000,0x00000053e2200000) (1024K)]


Current CompileTask:
C2:14818 6567       4       java.net.URLClassLoader$1::run (5 bytes)

Stack: [0x00000053e2100000,0x00000053e2200000]
Native frames: (J=compiled Java code, j=interpreted, Vv=VM code, C=native code)
V  [jvm.dll+0x6d6c99]
V  [jvm.dll+0x866b83]
V  [jvm.dll+0x86919e]
V  [jvm.dll+0x869883]
V  [jvm.dll+0x280776]
V  [jvm.dll+0xc07cd]
V  [jvm.dll+0xc0d03]
V  [jvm.dll+0x2f5a10]
V  [jvm.dll+0x5ff9a9]
V  [jvm.dll+0x252572]
V  [jvm.dll+0x25292f]
V  [jvm.dll+0x24b0d5]
V  [jvm.dll+0x24892e]
V  [jvm.dll+0x1c7344]
V  [jvm.dll+0x2581ae]
V  [jvm.dll+0x2566f6]
V  [jvm.dll+0x3f48a6]
V  [jvm.dll+0x80f118]
V  [jvm.dll+0x6d54ed]
C  [ucrtbase.dll+0x37b0]
C  [KERNEL32.DLL+0x2e8d7]
C  [ntdll.dll+0x8c48c]


---------------  P R O C E S S  ---------------

Threads class SMR info:
_java_thread_list=0x000001618fafc040, length=73, elements={
0x00000161ef829b90, 0x00000161f84fc1d0, 0x00000161f8511f50, 0x00000161f8513520,
0x00000161f85216c0, 0x00000161f8522120, 0x00000161f8533710, 0x00000161f8534ce0,
0x00000161f8537150, 0x00000161f8545380, 0x00000161f882f150, 0x00000161ff05e9f0,
0x00000161ff116d20, 0x00000161ff168670, 0x00000161ff223550, 0x00000161ff0ed390,
0x00000161ff0fab80, 0x00000161fd1c4b00, 0x00000161fd1c5190, 0x00000161fd1c3de0,
0x00000161fd1c5820, 0x00000161fd1c3750, 0x00000161fd1c6540, 0x00000161fd1c5eb0,
0x00000161fe674650, 0x00000161fe672580, 0x00000161fe675a00, 0x00000161fe6732a0,
0x00000161fe674ce0, 0x00000161fe675370, 0x00000161fe672c10, 0x00000161fe678160,
0x00000161fe677440, 0x00000161fe678e80, 0x00000161fe6787f0, 0x00000161fe49ee10,
0x00000161fe4a0850, 0x00000161fe4a0ee0, 0x00000161fe49e0f0, 0x00000161fe4a1c00,
0x00000161fe49fb30, 0x00000161fe49e780, 0x00000161fe4a2290, 0x00000161fe4a2920,
0x00000161fe49f4a0, 0x00000161fe4a2fb0, 0x00000161fe4a3640, 0x00000161fe4a01c0,
0x00000161fe4a49f0, 0x00000161fe4a5080, 0x00000161fe4a3cd0, 0x00000161fe4a5710,
0x00000161fe4a4360, 0x0000016190e10160, 0x0000016190e0f440, 0x0000016190e0edb0,
0x0000016190e11510, 0x0000016190e107f0, 0x0000016190e0e090, 0x0000016190e10e80,
0x0000016190e0fad0, 0x0000016190e0e720, 0x0000016190e11ba0, 0x0000016190e135e0,
0x0000016190e12f50, 0x0000016190e15020, 0x0000016190e13c70, 0x0000016190e128c0,
0x0000016190e14300, 0x0000016190e12230, 0x000001618fd08090, 0x000001618fd06650,
0x000001618fd09440
}

Java Threads: ( => current thread )
  0x00000161ef829b90 JavaThread "main"                              [_thread_blocked, id=27272, stack(0x00000053e1200000,0x00000053e1300000) (1024K)]
  0x00000161f84fc1d0 JavaThread "Common-Cleaner"             daemon [_thread_blocked, id=28524, stack(0x00000053e1a00000,0x00000053e1b00000) (1024K)]
  0x00000161f8511f50 JavaThread "Reference Handler"          daemon [_thread_blocked, id=20624, stack(0x00000053e1b00000,0x00000053e1c00000) (1024K)]
  0x00000161f8513520 JavaThread "Finalizer"                  daemon [_thread_blocked, id=24056, stack(0x00000053e1c00000,0x00000053e1d00000) (1024K)]
  0x00000161f85216c0 JavaThread "Signal Dispatcher"          daemon [_thread_blocked, id=15396, stack(0x00000053e1d00000,0x00000053e1e00000) (1024K)]
  0x00000161f8522120 JavaThread "Attach Listener"            daemon [_thread_blocked, id=17904, stack(0x00000053e1e00000,0x00000053e1f00000) (1024K)]
  0x00000161f8533710 JavaThread "Service Thread"             daemon [_thread_blocked, id=24100, stack(0x00000053e1f00000,0x00000053e2000000) (1024K)]
  0x00000161f8534ce0 JavaThread "Monitor Deflation Thread"   daemon [_thread_blocked, id=19652, stack(0x00000053e2000000,0x00000053e2100000) (1024K)]
=>0x00000161f8537150 JavaThread "C2 CompilerThread0"         daemon [_thread_in_native, id=5884, stack(0x00000053e2100000,0x00000053e2200000) (1024K)]
  0x00000161f8545380 JavaThread "C1 CompilerThread0"         daemon [_thread_blocked, id=33732, stack(0x00000053e2200000,0x00000053e2300000) (1024K)]
  0x00000161f882f150 JavaThread "Notification Thread"        daemon [_thread_blocked, id=33700, stack(0x00000053e2300000,0x00000053e2400000) (1024K)]
  0x00000161ff05e9f0 JavaThread "Daemon health stats"               [_thread_blocked, id=23240, stack(0x00000053e2800000,0x00000053e2900000) (1024K)]
  0x00000161ff116d20 JavaThread "Incoming local TCP Connector on port 63736"        [_thread_in_native, id=28804, stack(0x00000053e2900000,0x00000053e2a00000) (1024K)]
  0x00000161ff168670 JavaThread "Daemon periodic checks"            [_thread_blocked, id=32700, stack(0x00000053e2a00000,0x00000053e2b00000) (1024K)]
  0x00000161ff223550 JavaThread "Daemon"                            [_thread_blocked, id=33368, stack(0x00000053e2b00000,0x00000053e2c00000) (1024K)]
  0x00000161ff0ed390 JavaThread "Handler for socket connection from /127.0.0.1:63736 to /127.0.0.1:63737"        [_thread_in_native, id=30628, stack(0x00000053e2c00000,0x00000053e2d00000) (1024K)]
  0x00000161ff0fab80 JavaThread "Cancel handler"                    [_thread_blocked, id=28208, stack(0x00000053e2d00000,0x00000053e2e00000) (1024K)]
  0x00000161fd1c4b00 JavaThread "Daemon worker"                     [_thread_in_Java, id=27236, stack(0x00000053e3500000,0x00000053e3600000) (1024K)]
  0x00000161fd1c5190 JavaThread "Asynchronous log dispatcher for DefaultDaemonConnection: socket connection from /127.0.0.1:63736 to /127.0.0.1:63737"        [_thread_blocked, id=22160, stack(0x00000053e3600000,0x00000053e3700000) (1024K)]
  0x00000161fd1c3de0 JavaThread "Stdin handler"                     [_thread_blocked, id=3948, stack(0x00000053e3700000,0x00000053e3800000) (1024K)]
  0x00000161fd1c5820 JavaThread "Daemon client event forwarder"        [_thread_blocked, id=24844, stack(0x00000053e3800000,0x00000053e3900000) (1024K)]
  0x00000161fd1c3750 JavaThread "Cache worker for journal cache (C:\Users\maksi\.gradle\caches\journal-1)"        [_thread_blocked, id=25464, stack(0x00000053e3900000,0x00000053e3a00000) (1024K)]
  0x00000161fd1c6540 JavaThread "File lock request listener"        [_thread_in_native, id=10004, stack(0x00000053e3a00000,0x00000053e3b00000) (1024K)]
  0x00000161fd1c5eb0 JavaThread "Cache worker for file hash cache (C:\Users\maksi\.gradle\caches\9.2.1\fileHashes)"        [_thread_blocked, id=29152, stack(0x00000053e3b00000,0x00000053e3c00000) (1024K)]
  0x00000161fe674650 JavaThread "Cache worker for file hash cache (C:\Users\maksi\StyleMate\.gradle\9.2.1\fileHashes)"        [_thread_blocked, id=29132, stack(0x00000053e3c00000,0x00000053e3d00000) (1024K)]
  0x00000161fe672580 JavaThread "Cache worker for Build Output Cleanup Cache (C:\Users\maksi\StyleMate\.gradle\buildOutputCleanup)"        [_thread_blocked, id=19944, stack(0x00000053e3d00000,0x00000053e3e00000) (1024K)]
  0x00000161fe675a00 JavaThread "File watcher server"        daemon [_thread_in_native, id=23648, stack(0x00000053e3e00000,0x00000053e3f00000) (1024K)]
  0x00000161fe6732a0 JavaThread "File watcher consumer"      daemon [_thread_blocked, id=2636, stack(0x00000053e3f00000,0x00000053e4000000) (1024K)]
  0x00000161fe674ce0 JavaThread "Cache worker for checksums cache (C:\Users\maksi\StyleMate\.gradle\9.2.1\checksums)"        [_thread_blocked, id=22708, stack(0x00000053e4000000,0x00000053e4100000) (1024K)]
  0x00000161fe675370 JavaThread "Cache worker for file content cache (C:\Users\maksi\.gradle\caches\9.2.1\fileContent)"        [_thread_blocked, id=3136, stack(0x00000053e4100000,0x00000053e4200000) (1024K)]
  0x00000161fe672c10 JavaThread "Cache worker for cache directory md-supplier (C:\Users\maksi\.gradle\caches\9.2.1\md-supplier)"        [_thread_blocked, id=29832, stack(0x00000053e4200000,0x00000053e4300000) (1024K)]
  0x00000161fe678160 JavaThread "Cache worker for cache directory md-rule (C:\Users\maksi\.gradle\caches\9.2.1\md-rule)"        [_thread_blocked, id=29200, stack(0x00000053e4300000,0x00000053e4400000) (1024K)]
  0x00000161fe677440 JavaThread "jar transforms"                    [_thread_blocked, id=2036, stack(0x00000053e4400000,0x00000053e4500000) (1024K)]
  0x00000161fe678e80 JavaThread "jar transforms Thread 2"           [_thread_blocked, id=25684, stack(0x00000053e4500000,0x00000053e4600000) (1024K)]
  0x00000161fe6787f0 JavaThread "jar transforms Thread 3"           [_thread_blocked, id=27680, stack(0x00000053e4600000,0x00000053e4700000) (1024K)]
  0x00000161fe49ee10 JavaThread "Unconstrained build operations"        [_thread_blocked, id=33536, stack(0x00000053e4700000,0x00000053e4800000) (1024K)]
  0x00000161fe4a0850 JavaThread "Unconstrained build operations Thread 2"        [_thread_blocked, id=21496, stack(0x00000053e4800000,0x00000053e4900000) (1024K)]
  0x00000161fe4a0ee0 JavaThread "Unconstrained build operations Thread 3"        [_thread_blocked, id=28420, stack(0x00000053e4900000,0x00000053e4a00000) (1024K)]
  0x00000161fe49e0f0 JavaThread "Unconstrained build operations Thread 4"        [_thread_blocked, id=33064, stack(0x00000053e4a00000,0x00000053e4b00000) (1024K)]
  0x00000161fe4a1c00 JavaThread "Unconstrained build operations Thread 5"        [_thread_blocked, id=29320, stack(0x00000053e4b00000,0x00000053e4c00000) (1024K)]
  0x00000161fe49fb30 JavaThread "Unconstrained build operations Thread 6"        [_thread_blocked, id=14236, stack(0x00000053e4c00000,0x00000053e4d00000) (1024K)]
  0x00000161fe49e780 JavaThread "Unconstrained build operations Thread 7"        [_thread_blocked, id=20788, stack(0x00000053e4d00000,0x00000053e4e00000) (1024K)]
  0x00000161fe4a2290 JavaThread "Unconstrained build operations Thread 8"        [_thread_blocked, id=22684, stack(0x00000053e4e00000,0x00000053e4f00000) (1024K)]
  0x00000161fe4a2920 JavaThread "Unconstrained build operations Thread 9"        [_thread_blocked, id=30640, stack(0x00000053e4f00000,0x00000053e5000000) (1024K)]
  0x00000161fe49f4a0 JavaThread "Unconstrained build operations Thread 10"        [_thread_blocked, id=30240, stack(0x00000053e5000000,0x00000053e5100000) (1024K)]
  0x00000161fe4a2fb0 JavaThread "Unconstrained build operations Thread 11"        [_thread_blocked, id=25588, stack(0x00000053e5100000,0x00000053e5200000) (1024K)]
  0x00000161fe4a3640 JavaThread "Unconstrained build operations Thread 12"        [_thread_blocked, id=31956, stack(0x00000053e5200000,0x00000053e5300000) (1024K)]
  0x00000161fe4a01c0 JavaThread "Unconstrained build operations Thread 13"        [_thread_blocked, id=7084, stack(0x00000053e5300000,0x00000053e5400000) (1024K)]
  0x00000161fe4a49f0 JavaThread "Unconstrained build operations Thread 14"        [_thread_blocked, id=22132, stack(0x00000053e5400000,0x00000053e5500000) (1024K)]
  0x00000161fe4a5080 JavaThread "Unconstrained build operations Thread 15"        [_thread_blocked, id=17752, stack(0x00000053e5500000,0x00000053e5600000) (1024K)]
  0x00000161fe4a3cd0 JavaThread "Unconstrained build operations Thread 16"        [_thread_blocked, id=23000, stack(0x00000053e5600000,0x00000053e5700000) (1024K)]
  0x00000161fe4a5710 JavaThread "Unconstrained build operations Thread 17"        [_thread_blocked, id=412, stack(0x00000053e5700000,0x00000053e5800000) (1024K)]
  0x00000161fe4a4360 JavaThread "Unconstrained build operations Thread 18"        [_thread_blocked, id=20176, stack(0x00000053e5800000,0x00000053e5900000) (1024K)]
  0x0000016190e10160 JavaThread "Unconstrained build operations Thread 19"        [_thread_blocked, id=25728, stack(0x00000053e5900000,0x00000053e5a00000) (1024K)]
  0x0000016190e0f440 JavaThread "Unconstrained build operations Thread 20"        [_thread_blocked, id=25796, stack(0x00000053e5a00000,0x00000053e5b00000) (1024K)]
  0x0000016190e0edb0 JavaThread "jar transforms Thread 4"           [_thread_blocked, id=22776, stack(0x00000053e5b00000,0x00000053e5c00000) (1024K)]
  0x0000016190e11510 JavaThread "jar transforms Thread 5"           [_thread_blocked, id=19540, stack(0x00000053e5c00000,0x00000053e5d00000) (1024K)]
  0x0000016190e107f0 JavaThread "Unconstrained build operations Thread 21"        [_thread_blocked, id=21248, stack(0x00000053e5d00000,0x00000053e5e00000) (1024K)]
  0x0000016190e0e090 JavaThread "Unconstrained build operations Thread 22"        [_thread_blocked, id=28676, stack(0x00000053e5e00000,0x00000053e5f00000) (1024K)]
  0x0000016190e10e80 JavaThread "Unconstrained build operations Thread 23"        [_thread_blocked, id=10256, stack(0x00000053e5f00000,0x00000053e6000000) (1024K)]
  0x0000016190e0fad0 JavaThread "Unconstrained build operations Thread 24"        [_thread_blocked, id=32832, stack(0x00000053e6000000,0x00000053e6100000) (1024K)]
  0x0000016190e0e720 JavaThread "Unconstrained build operations Thread 25"        [_thread_blocked, id=29584, stack(0x00000053e6100000,0x00000053e6200000) (1024K)]
  0x0000016190e11ba0 JavaThread "Unconstrained build operations Thread 26"        [_thread_blocked, id=15516, stack(0x00000053e6200000,0x00000053e6300000) (1024K)]
  0x0000016190e135e0 JavaThread "Unconstrained build operations Thread 27"        [_thread_blocked, id=22128, stack(0x00000053e6300000,0x00000053e6400000) (1024K)]
  0x0000016190e12f50 JavaThread "Unconstrained build operations Thread 28"        [_thread_blocked, id=11560, stack(0x00000053e6400000,0x00000053e6500000) (1024K)]
  0x0000016190e15020 JavaThread "Unconstrained build operations Thread 29"        [_thread_blocked, id=6320, stack(0x00000053e6500000,0x00000053e6600000) (1024K)]
  0x0000016190e13c70 JavaThread "Unconstrained build operations Thread 30"        [_thread_blocked, id=20524, stack(0x00000053e6600000,0x00000053e6700000) (1024K)]
  0x0000016190e128c0 JavaThread "jar transforms Thread 6"           [_thread_blocked, id=31432, stack(0x00000053e6700000,0x00000053e6800000) (1024K)]
  0x0000016190e14300 JavaThread "jar transforms Thread 7"           [_thread_blocked, id=23208, stack(0x00000053e6800000,0x00000053e6900000) (1024K)]
  0x0000016190e12230 JavaThread "jar transforms Thread 8"           [_thread_blocked, id=31296, stack(0x00000053e6900000,0x00000053e6a00000) (1024K)]
  0x000001618fd08090 JavaThread "Unconstrained build operations Thread 31"        [_thread_blocked, id=24680, stack(0x00000053e6a00000,0x00000053e6b00000) (1024K)]
  0x000001618fd06650 JavaThread "Unconstrained build operations Thread 32"        [_thread_blocked, id=15420, stack(0x00000053e6b00000,0x00000053e6c00000) (1024K)]
  0x000001618fd09440 JavaThread "Unconstrained build operations Thread 33"        [_thread_blocked, id=30632, stack(0x00000053e6c00000,0x00000053e6d00000) (1024K)]
Total: 73

Other Threads:
  0x00000161f8352970 VMThread "VM Thread"                           [id=11824, stack(0x00000053e1900000,0x00000053e1a00000) (1024K)]
  0x00000161f82f7f20 WatcherThread "VM Periodic Task Thread"        [id=9592, stack(0x00000053e1800000,0x00000053e1900000) (1024K)]
  0x00000161ef884110 WorkerThread "GC Thread#0"                     [id=21448, stack(0x00000053e1300000,0x00000053e1400000) (1024K)]
  0x00000161fd4c4740 WorkerThread "GC Thread#1"                     [id=3380, stack(0x00000053e2400000,0x00000053e2500000) (1024K)]
  0x00000161fd2714e0 WorkerThread "GC Thread#2"                     [id=14384, stack(0x00000053e2500000,0x00000053e2600000) (1024K)]
  0x00000161fd7cbcd0 WorkerThread "GC Thread#3"                     [id=27472, stack(0x00000053e2600000,0x00000053e2700000) (1024K)]
  0x00000161fdaf5ff0 WorkerThread "GC Thread#4"                     [id=6468, stack(0x00000053e2700000,0x00000053e2800000) (1024K)]
  0x00000161ff0fb1f0 WorkerThread "GC Thread#5"                     [id=28176, stack(0x00000053e2e00000,0x00000053e2f00000) (1024K)]
  0x00000161ff1d3ba0 WorkerThread "GC Thread#6"                     [id=32004, stack(0x00000053e2f00000,0x00000053e3000000) (1024K)]
  0x00000161ff1d4a70 WorkerThread "GC Thread#7"                     [id=24672, stack(0x00000053e3000000,0x00000053e3100000) (1024K)]
  0x00000161ff1d5550 WorkerThread "GC Thread#8"                     [id=19280, stack(0x00000053e3100000,0x00000053e3200000) (1024K)]
  0x00000161ff1d3f90 WorkerThread "GC Thread#9"                     [id=27076, stack(0x00000053e3200000,0x00000053e3300000) (1024K)]
  0x00000161ef895000 ConcurrentGCThread "G1 Main Marker"            [id=29500, stack(0x00000053e1400000,0x00000053e1500000) (1024K)]
  0x00000161ef896850 WorkerThread "G1 Conc#0"                       [id=31572, stack(0x00000053e1500000,0x00000053e1600000) (1024K)]
  0x00000161ff1d4e10 WorkerThread "G1 Conc#1"                       [id=28256, stack(0x00000053e3300000,0x00000053e3400000) (1024K)]
  0x00000161ff1d51b0 WorkerThread "G1 Conc#2"                       [id=28788, stack(0x00000053e3400000,0x00000053e3500000) (1024K)]
  0x00000161ef8ee0e0 ConcurrentGCThread "G1 Refine#0"               [id=30904, stack(0x00000053e1600000,0x00000053e1700000) (1024K)]
  0x00000161ef8eeb60 ConcurrentGCThread "G1 Service"                [id=10980, stack(0x00000053e1700000,0x00000053e1800000) (1024K)]
Total: 18

Threads with active compile tasks:
C2 CompilerThread0  14938 6567       4       java.net.URLClassLoader$1::run (5 bytes)
Total: 1

VM state: not at safepoint (normal execution)

VM Mutex/Monitor currently owned by a thread: None

Heap address: 0x0000000080000000, size: 2048 MB, Compressed Oops mode: 32-bit

CDS archive(s) not mapped
Compressed class space mapped at: 0x0000000100000000-0x0000000140000000, reserved size: 1073741824
Narrow klass base: 0x0000000000000000, Narrow klass shift: 3, Narrow klass range: 0x140000000

GC Precious Log:
 CardTable entry size: 512
 Card Set container configuration: InlinePtr #cards 5 size 8 Array Of Cards #cards 12 size 40 Howl #buckets 4 coarsen threshold 1843 Howl Bitmap #cards 512 size 80 coarsen threshold 460 Card regions per heap region 1 cards per card region 2048
 CPUs: 12 total, 12 available
 Memory: 6005M
 Large Page Support: Disabled
 NUMA Support: Disabled
 Compressed Oops: Enabled (32-bit)
 Heap Region Size: 1M
 Heap Min Capacity: 8M
 Heap Initial Capacity: 94M
 Heap Max Capacity: 2G
 Pre-touch: Disabled
 Parallel Workers: 10
 Concurrent Workers: 3
 Concurrent Refinement Workers: 10
 Periodic GC: Disabled

Heap:
 garbage-first heap   total 81920K, used 68219K [0x0000000080000000, 0x0000000100000000)
  region size 1024K, 24 young (24576K), 3 survivors (3072K)
 Metaspace       used 69979K, committed 71808K, reserved 1114112K
  class space    used 10080K, committed 10944K, reserved 1048576K

Heap Regions: E=young(eden), S=young(survivor), O=old, HS=humongous(starts), HC=humongous(continues), CS=collection set, F=free, TAMS=top-at-mark-start, PB=parsable bottom
|   0|0x0000000080000000, 0x0000000080100000, 0x0000000080100000|100%|HS|  |TAMS 0x0000000080000000| PB 0x0000000080000000| Complete 
|   1|0x0000000080100000, 0x0000000080200000, 0x0000000080200000|100%|HC|  |TAMS 0x0000000080100000| PB 0x0000000080100000| Complete 
|   2|0x0000000080200000, 0x0000000080300000, 0x0000000080300000|100%|HC|  |TAMS 0x0000000080200000| PB 0x0000000080200000| Complete 
|   3|0x0000000080300000, 0x0000000080400000, 0x0000000080400000|100%|HC|  |TAMS 0x0000000080300000| PB 0x0000000080300000| Complete 
|   4|0x0000000080400000, 0x0000000080500000, 0x0000000080500000|100%| O|  |TAMS 0x0000000080400000| PB 0x0000000080400000| Untracked 
|   5|0x0000000080500000, 0x0000000080600000, 0x0000000080600000|100%| O|  |TAMS 0x0000000080500000| PB 0x0000000080500000| Untracked 
|   6|0x0000000080600000, 0x0000000080700000, 0x0000000080700000|100%| O|  |TAMS 0x0000000080600000| PB 0x0000000080600000| Untracked 
|   7|0x0000000080700000, 0x0000000080800000, 0x0000000080800000|100%| O|  |TAMS 0x0000000080700000| PB 0x0000000080700000| Untracked 
|   8|0x0000000080800000, 0x0000000080900000, 0x0000000080900000|100%| O|  |TAMS 0x0000000080800000| PB 0x0000000080800000| Untracked 
|   9|0x0000000080900000, 0x0000000080a00000, 0x0000000080a00000|100%| O|  |TAMS 0x0000000080900000| PB 0x0000000080900000| Untracked 
|  10|0x0000000080a00000, 0x0000000080b00000, 0x0000000080b00000|100%| O|  |TAMS 0x0000000080a00000| PB 0x0000000080a00000| Untracked 
|  11|0x0000000080b00000, 0x0000000080c00000, 0x0000000080c00000|100%|HS|  |TAMS 0x0000000080b00000| PB 0x0000000080b00000| Complete 
|  12|0x0000000080c00000, 0x0000000080cfbfd0, 0x0000000080d00000| 98%| O|  |TAMS 0x0000000080c00000| PB 0x0000000080c00000| Untracked 
|  13|0x0000000080d00000, 0x0000000080e00000, 0x0000000080e00000|100%| O|  |TAMS 0x0000000080d00000| PB 0x0000000080d00000| Untracked 
|  14|0x0000000080e00000, 0x0000000080f00000, 0x0000000080f00000|100%| O|  |TAMS 0x0000000080e00000| PB 0x0000000080e00000| Untracked 
|  15|0x0000000080f00000, 0x0000000081000000, 0x0000000081000000|100%| O|  |TAMS 0x0000000080f00000| PB 0x0000000080f00000| Untracked 
|  16|0x0000000081000000, 0x0000000081100000, 0x0000000081100000|100%| O|  |TAMS 0x0000000081000000| PB 0x0000000081000000| Untracked 
|  17|0x0000000081100000, 0x0000000081200000, 0x0000000081200000|100%| O|  |TAMS 0x0000000081100000| PB 0x0000000081100000| Untracked 
|  18|0x0000000081200000, 0x0000000081300000, 0x0000000081300000|100%| O|  |TAMS 0x0000000081200000| PB 0x0000000081200000| Untracked 
|  19|0x0000000081300000, 0x0000000081400000, 0x0000000081400000|100%| O|  |TAMS 0x0000000081300000| PB 0x0000000081300000| Untracked 
|  20|0x0000000081400000, 0x0000000081500000, 0x0000000081500000|100%| O|  |TAMS 0x0000000081400000| PB 0x0000000081400000| Untracked 
|  21|0x0000000081500000, 0x0000000081600000, 0x0000000081600000|100%| O|  |TAMS 0x0000000081500000| PB 0x0000000081500000| Untracked 
|  22|0x0000000081600000, 0x0000000081700000, 0x0000000081700000|100%| O|  |TAMS 0x0000000081600000| PB 0x0000000081600000| Untracked 
|  23|0x0000000081700000, 0x0000000081800000, 0x0000000081800000|100%| O|  |TAMS 0x0000000081700000| PB 0x0000000081700000| Untracked 
|  24|0x0000000081800000, 0x0000000081900000, 0x0000000081900000|100%| O|  |TAMS 0x0000000081800000| PB 0x0000000081800000| Untracked 
|  25|0x0000000081900000, 0x0000000081a00000, 0x0000000081a00000|100%| O|  |TAMS 0x0000000081900000| PB 0x0000000081900000| Untracked 
|  26|0x0000000081a00000, 0x0000000081b00000, 0x0000000081b00000|100%|HS|  |TAMS 0x0000000081a00000| PB 0x0000000081a00000| Complete 
|  27|0x0000000081b00000, 0x0000000081c00000, 0x0000000081c00000|100%|HC|  |TAMS 0x0000000081b00000| PB 0x0000000081b00000| Complete 
|  28|0x0000000081c00000, 0x0000000081d00000, 0x0000000081d00000|100%| O|  |TAMS 0x0000000081c00000| PB 0x0000000081c00000| Untracked 
|  29|0x0000000081d00000, 0x0000000081e00000, 0x0000000081e00000|100%| O|  |TAMS 0x0000000081d00000| PB 0x0000000081d00000| Untracked 
|  30|0x0000000081e00000, 0x0000000081f00000, 0x0000000081f00000|100%| O|  |TAMS 0x0000000081e00000| PB 0x0000000081e00000| Untracked 
|  31|0x0000000081f00000, 0x0000000082000000, 0x0000000082000000|100%| O|  |TAMS 0x0000000081f00000| PB 0x0000000081f00000| Untracked 
|  32|0x0000000082000000, 0x0000000082100000, 0x0000000082100000|100%| O|  |TAMS 0x0000000082000000| PB 0x0000000082000000| Untracked 
|  33|0x0000000082100000, 0x0000000082200000, 0x0000000082200000|100%| O|  |TAMS 0x0000000082100000| PB 0x0000000082100000| Untracked 
|  34|0x0000000082200000, 0x0000000082300000, 0x0000000082300000|100%| O|  |TAMS 0x0000000082200000| PB 0x0000000082200000| Untracked 
|  35|0x0000000082300000, 0x0000000082400000, 0x0000000082400000|100%| O|  |TAMS 0x0000000082300000| PB 0x0000000082300000| Untracked 
|  36|0x0000000082400000, 0x0000000082500000, 0x0000000082500000|100%| O|Cm|TAMS 0x0000000082400000| PB 0x0000000082400000| Complete 
|  37|0x0000000082500000, 0x0000000082600000, 0x0000000082600000|100%| O|  |TAMS 0x0000000082500000| PB 0x0000000082500000| Untracked 
|  38|0x0000000082600000, 0x0000000082622980, 0x0000000082700000| 13%| O|  |TAMS 0x0000000082600000| PB 0x0000000082600000| Untracked 
|  39|0x0000000082700000, 0x0000000082700000, 0x0000000082800000|  0%| F|  |TAMS 0x0000000082700000| PB 0x0000000082700000| Untracked 
|  40|0x0000000082800000, 0x0000000082800000, 0x0000000082900000|  0%| F|  |TAMS 0x0000000082800000| PB 0x0000000082800000| Untracked 
|  41|0x0000000082900000, 0x0000000082900000, 0x0000000082a00000|  0%| F|  |TAMS 0x0000000082900000| PB 0x0000000082900000| Untracked 
|  42|0x0000000082a00000, 0x0000000082a00000, 0x0000000082b00000|  0%| F|  |TAMS 0x0000000082a00000| PB 0x0000000082a00000| Untracked 
|  43|0x0000000082b00000, 0x0000000082b80520, 0x0000000082c00000| 50%| S|CS|TAMS 0x0000000082b00000| PB 0x0000000082b00000| Complete 
|  44|0x0000000082c00000, 0x0000000082c00000, 0x0000000082d00000|  0%| F|  |TAMS 0x0000000082c00000| PB 0x0000000082c00000| Untracked 
|  45|0x0000000082d00000, 0x0000000082e00000, 0x0000000082e00000|100%| S|CS|TAMS 0x0000000082d00000| PB 0x0000000082d00000| Complete 
|  46|0x0000000082e00000, 0x0000000082f00000, 0x0000000082f00000|100%| S|CS|TAMS 0x0000000082e00000| PB 0x0000000082e00000| Complete 
|  47|0x0000000082f00000, 0x0000000082f00000, 0x0000000083000000|  0%| F|  |TAMS 0x0000000082f00000| PB 0x0000000082f00000| Untracked 
|  48|0x0000000083000000, 0x0000000083000000, 0x0000000083100000|  0%| F|  |TAMS 0x0000000083000000| PB 0x0000000083000000| Untracked 
|  49|0x0000000083100000, 0x0000000083100000, 0x0000000083200000|  0%| F|  |TAMS 0x0000000083100000| PB 0x0000000083100000| Untracked 
|  50|0x0000000083200000, 0x0000000083200000, 0x0000000083300000|  0%| F|  |TAMS 0x0000000083200000| PB 0x0000000083200000| Untracked 
|  51|0x0000000083300000, 0x0000000083300000, 0x0000000083400000|  0%| F|  |TAMS 0x0000000083300000| PB 0x0000000083300000| Untracked 
|  52|0x0000000083400000, 0x0000000083400000, 0x0000000083500000|  0%| F|  |TAMS 0x0000000083400000| PB 0x0000000083400000| Untracked 
|  53|0x0000000083500000, 0x00000000835ace10, 0x0000000083600000| 67%| E|  |TAMS 0x0000000083500000| PB 0x0000000083500000| Complete 
|  54|0x0000000083600000, 0x0000000083700000, 0x0000000083700000|100%| E|CS|TAMS 0x0000000083600000| PB 0x0000000083600000| Complete 
|  55|0x0000000083700000, 0x0000000083800000, 0x0000000083800000|100%| E|CS|TAMS 0x0000000083700000| PB 0x0000000083700000| Complete 
|  56|0x0000000083800000, 0x0000000083900000, 0x0000000083900000|100%| E|CS|TAMS 0x0000000083800000| PB 0x0000000083800000| Complete 
|  57|0x0000000083900000, 0x0000000083a00000, 0x0000000083a00000|100%| E|CS|TAMS 0x0000000083900000| PB 0x0000000083900000| Complete 
|  58|0x0000000083a00000, 0x0000000083b00000, 0x0000000083b00000|100%| E|CS|TAMS 0x0000000083a00000| PB 0x0000000083a00000| Complete 
|  59|0x0000000083b00000, 0x0000000083c00000, 0x0000000083c00000|100%| E|CS|TAMS 0x0000000083b00000| PB 0x0000000083b00000| Complete 
|  60|0x0000000083c00000, 0x0000000083d00000, 0x0000000083d00000|100%| E|CS|TAMS 0x0000000083c00000| PB 0x0000000083c00000| Complete 
|  61|0x0000000083d00000, 0x0000000083e00000, 0x0000000083e00000|100%| E|CS|TAMS 0x0000000083d00000| PB 0x0000000083d00000| Complete 
|  62|0x0000000083e00000, 0x0000000083f00000, 0x0000000083f00000|100%| E|CS|TAMS 0x0000000083e00000| PB 0x0000000083e00000| Complete 
|  63|0x0000000083f00000, 0x0000000084000000, 0x0000000084000000|100%| E|CS|TAMS 0x0000000083f00000| PB 0x0000000083f00000| Complete 
|  64|0x0000000084000000, 0x0000000084100000, 0x0000000084100000|100%| E|CS|TAMS 0x0000000084000000| PB 0x0000000084000000| Complete 
|  65|0x0000000084100000, 0x0000000084200000, 0x0000000084200000|100%| E|CS|TAMS 0x0000000084100000| PB 0x0000000084100000| Complete 
|  66|0x0000000084200000, 0x0000000084300000, 0x0000000084300000|100%| E|CS|TAMS 0x0000000084200000| PB 0x0000000084200000| Complete 
|  67|0x0000000084300000, 0x0000000084400000, 0x0000000084400000|100%| E|CS|TAMS 0x0000000084300000| PB 0x0000000084300000| Complete 
|  68|0x0000000084400000, 0x0000000084500000, 0x0000000084500000|100%| E|CS|TAMS 0x0000000084400000| PB 0x0000000084400000| Complete 
|  69|0x0000000084500000, 0x0000000084600000, 0x0000000084600000|100%| E|CS|TAMS 0x0000000084500000| PB 0x0000000084500000| Complete 
|  70|0x0000000084600000, 0x0000000084700000, 0x0000000084700000|100%| E|CS|TAMS 0x0000000084600000| PB 0x0000000084600000| Complete 
|  71|0x0000000084700000, 0x0000000084800000, 0x0000000084800000|100%| E|CS|TAMS 0x0000000084700000| PB 0x0000000084700000| Complete 
|  93|0x0000000085d00000, 0x0000000085e00000, 0x0000000085e00000|100%| E|CS|TAMS 0x0000000085d00000| PB 0x0000000085d00000| Complete 
|2041|0x00000000ff900000, 0x00000000ffa00000, 0x00000000ffa00000|100%| E|CS|TAMS 0x00000000ff900000| PB 0x00000000ff900000| Complete 
|2042|0x00000000ffa00000, 0x00000000ffb00000, 0x00000000ffb00000|100%| O|  |TAMS 0x00000000ffa00000| PB 0x00000000ffa00000| Untracked 
|2043|0x00000000ffb00000, 0x00000000ffc00000, 0x00000000ffc00000|100%| O|  |TAMS 0x00000000ffb00000| PB 0x00000000ffb00000| Untracked 
|2044|0x00000000ffc00000, 0x00000000ffd00000, 0x00000000ffd00000|100%| O|  |TAMS 0x00000000ffc00000| PB 0x00000000ffc00000| Untracked 
|2045|0x00000000ffd00000, 0x00000000ffe00000, 0x00000000ffe00000|100%| O|  |TAMS 0x00000000ffd00000| PB 0x00000000ffd00000| Untracked 
|2046|0x00000000ffe00000, 0x00000000fff00000, 0x00000000fff00000|100%| O|  |TAMS 0x00000000ffe00000| PB 0x00000000ffe00000| Untracked 
|2047|0x00000000fff00000, 0x0000000100000000, 0x0000000100000000|100%| O|  |TAMS 0x00000000fff00000| PB 0x00000000fff00000| Untracked 

Card table byte_map: [0x00000161f32e0000,0x00000161f36e0000] _byte_map_base: 0x00000161f2ee0000

Marking Bits: (CMBitMap*) 0x00000161ef884720
 Bits: [0x00000161f36e0000, 0x00000161f56e0000)

Polling page: 0x00000161ed5f0000

Metaspace:

Usage:
  Non-class:     58.50 MB used.
      Class:      9.84 MB used.
       Both:     68.34 MB used.

Virtual space:
  Non-class space:       64.00 MB reserved,      59.44 MB ( 93%) committed,  1 nodes.
      Class space:        1.00 GB reserved,      10.69 MB (  1%) committed,  1 nodes.
             Both:        1.06 GB reserved,      70.12 MB (  6%) committed. 

Chunk freelists:
   Non-Class:  4.50 MB
       Class:  5.34 MB
        Both:  9.84 MB

MaxMetaspaceSize: unlimited
CompressedClassSpaceSize: 1.00 GB
Initial GC threshold: 21.00 MB
Current GC threshold: 113.06 MB
CDS: off
 - commit_granule_bytes: 65536.
 - commit_granule_words: 8192.
 - virtual_space_node_default_size: 8388608.
 - enlarge_chunks_in_place: 1.
 - use_allocation_guard: 0.


Internal statistics:

num_allocs_failed_limit: 6.
num_arena_births: 3572.
num_arena_deaths: 0.
num_vsnodes_births: 2.
num_vsnodes_deaths: 0.
num_space_committed: 1122.
num_space_uncommitted: 0.
num_chunks_returned_to_freelist: 6.
num_chunks_taken_from_freelist: 6585.
num_chunk_merges: 3.
num_chunk_splits: 4245.
num_chunks_enlarged: 2583.
num_inconsistent_stats: 0.

CodeHeap 'non-profiled nmethods': size=120000Kb used=2710Kb max_used=3353Kb free=117289Kb
 bounds [0x0000016187ad0000, 0x0000016187e20000, 0x000001618f000000]
CodeHeap 'profiled nmethods': size=120000Kb used=10318Kb max_used=10701Kb free=109681Kb
 bounds [0x0000016180000000, 0x0000016180a90000, 0x0000016187530000]
CodeHeap 'non-nmethods': size=5760Kb used=1897Kb max_used=1918Kb free=3862Kb
 bounds [0x0000016187530000, 0x00000161877a0000, 0x0000016187ad0000]
CodeCache: size=245760Kb, used=14925Kb, max_used=15972Kb, free=230832Kb
 total_blobs=6510, nmethods=5725, adapters=688, full_count=0
Compilation: enabled, stopped_count=0, restarted_count=0

Compilation events (20 events):
Event: 14.628 Thread 0x00000161f8545380 nmethod 6628 0x0000016187c08690 code [0x0000016187c08820, 0x0000016187c088e8]
Event: 14.628 Thread 0x00000161f8545380 6629       1       org.objectweb.asm.Handle::getName (5 bytes)
Event: 14.628 Thread 0x00000161f8545380 nmethod 6629 0x0000016187c08390 code [0x0000016187c08520, 0x0000016187c085e8]
Event: 14.628 Thread 0x00000161f8545380 6630       1       org.objectweb.asm.Handle::getDesc (5 bytes)
Event: 14.629 Thread 0x00000161f8545380 nmethod 6630 0x0000016187c07f90 code [0x0000016187c08120, 0x0000016187c081e8]
Event: 14.629 Thread 0x00000161f8545380 6631       1       org.objectweb.asm.Handle::isInterface (5 bytes)
Event: 14.629 Thread 0x00000161f8545380 nmethod 6631 0x0000016187c7c890 code [0x0000016187c7ca20, 0x0000016187c7caf0]
Event: 14.630 Thread 0x00000161f8545380 6633       3       org.objectweb.asm.SymbolTable::addMergedType (164 bytes)
Event: 14.631 Thread 0x00000161f8545380 nmethod 6633 0x00000161801e2490 code [0x00000161801e26c0, 0x00000161801e2ca8]
Event: 14.633 Thread 0x00000161f8545380 6634       1       org.gradle.internal.operations.DefaultBuildOperationRunner$DefaultBuildOperationContext::setResult (6 bytes)
Event: 14.633 Thread 0x00000161f8545380 nmethod 6634 0x0000016187c7c590 code [0x0000016187c7c720, 0x0000016187c7c830]
Event: 14.645 Thread 0x00000161f8545380 6635       3       java.util.concurrent.ConcurrentHashMap::remove (8 bytes)
Event: 14.646 Thread 0x00000161f8545380 nmethod 6635 0x00000161801b3410 code [0x00000161801b35c0, 0x00000161801b3710]
Event: 14.646 Thread 0x00000161f8545380 6636       3       org.gradle.internal.event.DefaultListenerManager$EventBroadcast$ListenerDispatch::<init> (16 bytes)
Event: 14.647 Thread 0x00000161f8545380 nmethod 6636 0x0000016180238d10 code [0x0000016180238ec0, 0x0000016180239148]
Event: 14.660 Thread 0x00000161f8545380 6637       3       java.lang.invoke.BoundMethodHandle$Species_LLLL::copyWithExtendL (33 bytes)
Event: 14.660 Thread 0x00000161f8545380 nmethod 6637 0x0000016180416e90 code [0x0000016180417060, 0x00000161804174c0]
Event: 14.695 Thread 0x00000161f8545380 6638       3       org.objectweb.asm.MethodWriter::visitLocalVariable (222 bytes)
Event: 14.696 Thread 0x00000161f8545380 nmethod 6638 0x0000016180035990 code [0x0000016180035ce0, 0x0000016180036e58]
Event: 14.699 Thread 0x00000161f8545380 6639       3       org.objectweb.asm.ClassReader::readCode (5117 bytes)

GC Heap History (20 events):
Event: 7.369 GC heap before
{Heap before GC invocations=7 (full 0):
 garbage-first heap   total 78848K, used 65104K [0x0000000080000000, 0x0000000100000000)
  region size 1024K, 45 young (46080K), 3 survivors (3072K)
 Metaspace       used 35265K, committed 35968K, reserved 1114112K
  class space    used 4630K, committed 4992K, reserved 1048576K
}
Event: 7.374 GC heap after
{Heap after GC invocations=8 (full 0):
 garbage-first heap   total 78848K, used 26014K [0x0000000080000000, 0x0000000100000000)
  region size 1024K, 6 young (6144K), 6 survivors (6144K)
 Metaspace       used 35265K, committed 35968K, reserved 1114112K
  class space    used 4630K, committed 4992K, reserved 1048576K
}
Event: 8.413 GC heap before
{Heap before GC invocations=9 (full 0):
 garbage-first heap   total 78848K, used 66974K [0x0000000080000000, 0x0000000100000000)
  region size 1024K, 46 young (47104K), 6 survivors (6144K)
 Metaspace       used 40773K, committed 41792K, reserved 1114112K
  class space    used 5587K, committed 6080K, reserved 1048576K
}
Event: 8.419 GC heap after
{Heap after GC invocations=10 (full 0):
 garbage-first heap   total 78848K, used 28011K [0x0000000080000000, 0x0000000100000000)
  region size 1024K, 6 young (6144K), 6 survivors (6144K)
 Metaspace       used 40773K, committed 41792K, reserved 1114112K
  class space    used 5587K, committed 6080K, reserved 1048576K
}
Event: 9.362 GC heap before
{Heap before GC invocations=10 (full 0):
 garbage-first heap   total 78848K, used 66923K [0x0000000080000000, 0x0000000100000000)
  region size 1024K, 45 young (46080K), 6 survivors (6144K)
 Metaspace       used 46590K, committed 47872K, reserved 1114112K
  class space    used 6463K, committed 7040K, reserved 1048576K
}
Event: 9.368 GC heap after
{Heap after GC invocations=11 (full 0):
 garbage-first heap   total 78848K, used 30312K [0x0000000080000000, 0x0000000100000000)
  region size 1024K, 5 young (5120K), 5 survivors (5120K)
 Metaspace       used 46590K, committed 47872K, reserved 1114112K
  class space    used 6463K, committed 7040K, reserved 1048576K
}
Event: 10.431 GC heap before
{Heap before GC invocations=11 (full 0):
 garbage-first heap   total 78848K, used 69224K [0x0000000080000000, 0x0000000100000000)
  region size 1024K, 43 young (44032K), 5 survivors (5120K)
 Metaspace       used 51950K, committed 53440K, reserved 1114112K
  class space    used 7246K, committed 7936K, reserved 1048576K
}
Event: 10.437 GC heap after
{Heap after GC invocations=12 (full 0):
 garbage-first heap   total 78848K, used 34255K [0x0000000080000000, 0x0000000100000000)
  region size 1024K, 6 young (6144K), 6 survivors (6144K)
 Metaspace       used 51950K, committed 53440K, reserved 1114112K
  class space    used 7246K, committed 7936K, reserved 1048576K
}
Event: 11.215 GC heap before
{Heap before GC invocations=12 (full 0):
 garbage-first heap   total 78848K, used 68047K [0x0000000080000000, 0x0000000100000000)
  region size 1024K, 40 young (40960K), 6 survivors (6144K)
 Metaspace       used 55176K, committed 56704K, reserved 1114112K
  class space    used 7791K, committed 8512K, reserved 1048576K
}
Event: 11.222 GC heap after
{Heap after GC invocations=13 (full 0):
 garbage-first heap   total 79872K, used 38666K [0x0000000080000000, 0x0000000100000000)
  region size 1024K, 4 young (4096K), 4 survivors (4096K)
 Metaspace       used 55176K, committed 56704K, reserved 1114112K
  class space    used 7791K, committed 8512K, reserved 1048576K
}
Event: 11.972 GC heap before
{Heap before GC invocations=13 (full 0):
 garbage-first heap   total 79872K, used 72458K [0x0000000080000000, 0x0000000100000000)
  region size 1024K, 35 young (35840K), 4 survivors (4096K)
 Metaspace       used 56628K, committed 58240K, reserved 1114112K
  class space    used 8003K, committed 8768K, reserved 1048576K
}
Event: 11.976 GC heap after
{Heap after GC invocations=14 (full 0):
 garbage-first heap   total 80896K, used 43681K [0x0000000080000000, 0x0000000100000000)
  region size 1024K, 4 young (4096K), 4 survivors (4096K)
 Metaspace       used 56628K, committed 58240K, reserved 1114112K
  class space    used 8003K, committed 8768K, reserved 1048576K
}
Event: 12.214 GC heap before
{Heap before GC invocations=14 (full 0):
 garbage-first heap   total 80896K, used 71329K [0x0000000080000000, 0x0000000100000000)
  region size 1024K, 31 young (31744K), 4 survivors (4096K)
 Metaspace       used 57172K, committed 58880K, reserved 1114112K
  class space    used 8105K, committed 8896K, reserved 1048576K
}
Event: 12.218 GC heap after
{Heap after GC invocations=15 (full 0):
 garbage-first heap   total 80896K, used 44520K [0x0000000080000000, 0x0000000100000000)
  region size 1024K, 1 young (1024K), 1 survivors (1024K)
 Metaspace       used 57172K, committed 58880K, reserved 1114112K
  class space    used 8105K, committed 8896K, reserved 1048576K
}
Event: 12.937 GC heap before
{Heap before GC invocations=16 (full 0):
 garbage-first heap   total 80896K, used 73192K [0x0000000080000000, 0x0000000100000000)
  region size 1024K, 29 young (29696K), 1 survivors (1024K)
 Metaspace       used 60131K, committed 61888K, reserved 1114112K
  class space    used 8573K, committed 9408K, reserved 1048576K
}
Event: 12.939 GC heap after
{Heap after GC invocations=17 (full 0):
 garbage-first heap   total 80896K, used 45548K [0x0000000080000000, 0x0000000100000000)
  region size 1024K, 2 young (2048K), 2 survivors (2048K)
 Metaspace       used 60131K, committed 61888K, reserved 1114112K
  class space    used 8573K, committed 9408K, reserved 1048576K
}
Event: 13.550 GC heap before
{Heap before GC invocations=17 (full 0):
 garbage-first heap   total 80896K, used 73196K [0x0000000080000000, 0x0000000100000000)
  region size 1024K, 30 young (30720K), 2 survivors (2048K)
 Metaspace       used 64174K, committed 65984K, reserved 1114112K
  class space    used 9134K, committed 9984K, reserved 1048576K
}
Event: 13.553 GC heap after
{Heap after GC invocations=18 (full 0):
 garbage-first heap   total 80896K, used 46417K [0x0000000080000000, 0x0000000100000000)
  region size 1024K, 4 young (4096K), 4 survivors (4096K)
 Metaspace       used 64174K, committed 65984K, reserved 1114112K
  class space    used 9134K, committed 9984K, reserved 1048576K
}
Event: 14.224 GC heap before
{Heap before GC invocations=18 (full 0):
 garbage-first heap   total 80896K, used 72017K [0x0000000080000000, 0x0000000100000000)
  region size 1024K, 30 young (30720K), 4 survivors (4096K)
 Metaspace       used 67432K, committed 69248K, reserved 1114112K
  class space    used 9671K, committed 10560K, reserved 1048576K
}
Event: 14.228 GC heap after
{Heap after GC invocations=19 (full 0):
 garbage-first heap   total 80896K, used 47739K [0x0000000080000000, 0x0000000100000000)
  region size 1024K, 3 young (3072K), 3 survivors (3072K)
 Metaspace       used 67432K, committed 69248K, reserved 1114112K
  class space    used 9671K, committed 10560K, reserved 1048576K
}

Dll operation events (3 events):
Event: 0.015 Loaded shared library C:\Program Files\Android\Android Studio\jbr\bin\java.dll
Event: 0.021 Loaded shared library C:\Program Files\Android\Android Studio\jbr\bin\zip.dll
Event: 1.350 Loaded shared library C:\Program Files\Android\Android Studio\jbr\bin\verify.dll

Deoptimization events (20 events):
Event: 14.471 Thread 0x00000161fd1c4b00 Uncommon trap: trap_request=0xffffffde fr.pc=0x0000016187d11d98 relative=0x0000000000005818
Event: 14.471 Thread 0x00000161fd1c4b00 Uncommon trap: reason=class_check action=maybe_recompile pc=0x0000016187d11d98 method=java.net.URLClassLoader.defineClass(Ljava/lang/String;Ljdk/internal/loader/Resource;)Ljava/lang/Class; @ 34 c2
Event: 14.471 Thread 0x00000161fd1c4b00 DEOPT PACKING pc=0x0000016187d11d98 sp=0x00000053e35f7c60
Event: 14.471 Thread 0x00000161fd1c4b00 DEOPT UNPACKING pc=0x00000161875843a2 sp=0x00000053e35f7bb0 mode 2
Event: 14.475 Thread 0x00000161fd1c4b00 Uncommon trap: trap_request=0xffffffde fr.pc=0x0000016187d3badc relative=0x000000000000587c
Event: 14.475 Thread 0x00000161fd1c4b00 Uncommon trap: reason=class_check action=maybe_recompile pc=0x0000016187d3badc method=java.net.URLClassLoader.defineClass(Ljava/lang/String;Ljdk/internal/loader/Resource;)Ljava/lang/Class; @ 34 c2
Event: 14.475 Thread 0x00000161fd1c4b00 DEOPT PACKING pc=0x0000016187d3badc sp=0x00000053e35f7bf0
Event: 14.475 Thread 0x00000161fd1c4b00 DEOPT UNPACKING pc=0x00000161875843a2 sp=0x00000053e35f7ba8 mode 2
Event: 14.551 Thread 0x00000161fd1c4b00 Uncommon trap: trap_request=0xffffff45 fr.pc=0x0000016187e05150 relative=0x00000000000003d0
Event: 14.551 Thread 0x00000161fd1c4b00 Uncommon trap: reason=unstable_if action=reinterpret pc=0x0000016187e05150 method=org.gradle.internal.reflect.PropertyAccessorType.isGetGetterName(Ljava/lang/String;)Z @ 14 c2
Event: 14.551 Thread 0x00000161fd1c4b00 DEOPT PACKING pc=0x0000016187e05150 sp=0x00000053e35f8570
Event: 14.551 Thread 0x00000161fd1c4b00 DEOPT UNPACKING pc=0x00000161875843a2 sp=0x00000053e35f84c8 mode 2
Event: 14.589 Thread 0x00000161fd1c4b00 Uncommon trap: trap_request=0xffffff45 fr.pc=0x0000016187b69da8 relative=0x0000000000000108
Event: 14.589 Thread 0x00000161fd1c4b00 Uncommon trap: reason=unstable_if action=reinterpret pc=0x0000016187b69da8 method=org.objectweb.asm.ByteVector.putShort(I)Lorg/objectweb/asm/ByteVector; @ 13 c2
Event: 14.589 Thread 0x00000161fd1c4b00 DEOPT PACKING pc=0x0000016187b69da8 sp=0x00000053e35f8360
Event: 14.589 Thread 0x00000161fd1c4b00 DEOPT UNPACKING pc=0x00000161875843a2 sp=0x00000053e35f82f8 mode 2
Event: 14.601 Thread 0x00000161fd1c4b00 Uncommon trap: trap_request=0xffffff45 fr.pc=0x0000016187b2a1b4 relative=0x0000000000000994
Event: 14.601 Thread 0x00000161fd1c4b00 Uncommon trap: reason=unstable_if action=reinterpret pc=0x0000016187b2a1b4 method=java.util.HashMap.resize()[Ljava/util/HashMap$Node; @ 203 c2
Event: 14.601 Thread 0x00000161fd1c4b00 DEOPT PACKING pc=0x0000016187b2a1b4 sp=0x00000053e35f8770
Event: 14.601 Thread 0x00000161fd1c4b00 DEOPT UNPACKING pc=0x00000161875843a2 sp=0x00000053e35f8700 mode 2

Classes loaded (20 events):
Event: 14.366 Loading class java/io/ObjectStreamClass$4
Event: 14.366 Loading class java/io/ObjectStreamClass$4 done
Event: 14.366 Loading class java/io/ObjectStreamClass$5
Event: 14.366 Loading class java/io/ObjectStreamClass$5 done
Event: 14.367 Loading class java/io/ObjectStreamClass$ClassDataSlot
Event: 14.367 Loading class java/io/ObjectStreamClass$ClassDataSlot done
Event: 14.375 Loading class java/io/SerialCallbackContext
Event: 14.375 Loading class java/io/SerialCallbackContext done
Event: 14.437 Loading class java/lang/invoke/SerializedLambda$1
Event: 14.438 Loading class java/lang/invoke/SerializedLambda$1 done
Event: 14.455 Loading class java/util/concurrent/LinkedBlockingDeque$Itr
Event: 14.456 Loading class java/util/concurrent/LinkedBlockingDeque$AbstractItr
Event: 14.456 Loading class java/util/concurrent/LinkedBlockingDeque$AbstractItr done
Event: 14.456 Loading class java/util/concurrent/LinkedBlockingDeque$Itr done
Event: 14.545 Loading class java/util/function/LongUnaryOperator
Event: 14.545 Loading class java/util/function/LongUnaryOperator done
Event: 14.565 Loading class java/util/TreeMap$KeySpliterator
Event: 14.565 Loading class java/util/TreeMap$TreeMapSpliterator
Event: 14.565 Loading class java/util/TreeMap$TreeMapSpliterator done
Event: 14.565 Loading class java/util/TreeMap$KeySpliterator done

Classes unloaded (0 events):
No events

Classes redefined (0 events):
No events

Internal exceptions (20 events):
Event: 14.318 Thread 0x00000161fd1c4b00 Exception <a 'java/lang/NoSuchMethodError'{0x00000000847abf90}: 'int java.lang.invoke.Invokers$Holder.invokeExact_MT(java.lang.Object, java.lang.Object, java.lang.Object)'> (0x00000000847abf90) 
thrown [s\src\hotspot\share\interpreter\linkResolver.cpp, line 784]
Event: 14.323 Thread 0x00000161fd1c4b00 Exception <a 'java/lang/NoSuchMethodError'{0x00000000847da190}: 'void java.lang.invoke.DelegatingMethodHandle$Holder.reinvoke_L(java.lang.Object, java.lang.Object, long)'> (0x00000000847da190) 
thrown [s\src\hotspot\share\interpreter\linkResolver.cpp, line 784]
Event: 14.324 Thread 0x00000161fd1c4b00 Exception <a 'java/lang/NoSuchMethodError'{0x00000000847e17e0}: 'long java.lang.invoke.Invokers$Holder.invokeExact_MT(java.lang.Object, java.lang.Object, java.lang.Object)'> (0x00000000847e17e0) 
thrown [s\src\hotspot\share\interpreter\linkResolver.cpp, line 784]
Event: 14.366 Thread 0x00000161fd1c5820 Exception <a 'java/lang/NoSuchMethodError'{0x00000000845a4220}: static Lorg/gradle/internal/build/event/types/DefaultOperationStartedProgressEvent;.<clinit>()V> (0x00000000845a4220) 
thrown [s\src\hotspot\share\prims\jni.cpp, line 1144]
Event: 14.367 Thread 0x00000161fd1c5820 Exception <a 'java/lang/NoSuchMethodError'{0x00000000845a69d8}: static Lorg/gradle/internal/build/event/types/AbstractProgressEvent;.<clinit>()V> (0x00000000845a69d8) 
thrown [s\src\hotspot\share\prims\jni.cpp, line 1144]
Event: 14.369 Thread 0x00000161fd1c5820 Exception <a 'java/lang/NoSuchMethodError'{0x00000000845bbc58}: static Lorg/gradle/internal/build/event/types/DefaultProjectConfigurationDescriptor;.<clinit>()V> (0x00000000845bbc58) 
thrown [s\src\hotspot\share\prims\jni.cpp, line 1144]
Event: 14.369 Thread 0x00000161fd1c5820 Exception <a 'java/lang/NoSuchMethodError'{0x00000000845beb10}: static Lorg/gradle/internal/build/event/types/DefaultOperationDescriptor;.<clinit>()V> (0x00000000845beb10) 
thrown [s\src\hotspot\share\prims\jni.cpp, line 1144]
Event: 14.370 Thread 0x00000161fd1c5820 Exception <a 'java/lang/NoSuchMethodError'{0x00000000845c3238}: 'long java.lang.invoke.DirectMethodHandle$Holder.invokeSpecial(java.lang.Object, java.lang.Object)'> (0x00000000845c3238) 
thrown [s\src\hotspot\share\interpreter\linkResolver.cpp, line 784]
Event: 14.370 Thread 0x00000161fd1c5820 Exception <a 'java/lang/NoSuchMethodError'{0x00000000845c7240}: 'long java.lang.invoke.Invokers$Holder.invokeExact_MT(java.lang.Object, java.lang.Object)'> (0x00000000845c7240) 
thrown [s\src\hotspot\share\interpreter\linkResolver.cpp, line 784]
Event: 14.373 Thread 0x00000161fd1c5820 Exception <a 'java/lang/NoSuchMethodError'{0x0000000084409180}: static Lorg/gradle/internal/operations/OperationIdentifier;.<clinit>()V> (0x0000000084409180) 
thrown [s\src\hotspot\share\prims\jni.cpp, line 1144]
Event: 14.414 Thread 0x00000161fd1c4b00 Exception <a 'java/lang/NoSuchMethodError'{0x00000000843664b0}: 'void java.lang.invoke.Invokers$Holder.invokeExact_MT(java.lang.Object, java.lang.Object, java.lang.Object, java.lang.Object)'> (0x00000000843664b0) 
thrown [s\src\hotspot\share\interpreter\linkResolver.cpp, line 784]
Event: 14.422 Thread 0x00000161fd1c4b00 Exception <a 'java/lang/ClassNotFoundException'{0x00000000843b1390}: org/gradle/internal/serialize/codecs/core/ClosureCodec$BrokenScriptBeanInfo> (0x00000000843b1390) 
thrown [s\src\hotspot\share\classfile\systemDictionary.cpp, line 312]
Event: 14.423 Thread 0x00000161fd1c4b00 Exception <a 'java/lang/ClassNotFoundException'{0x00000000843c09e0}: org/gradle/internal/serialize/codecs/core/ClosureCodec$BrokenScriptCustomizer> (0x00000000843c09e0) 
thrown [s\src\hotspot\share\classfile\systemDictionary.cpp, line 312]
Event: 14.428 Thread 0x00000161fd1c4b00 Exception <a 'java/lang/ClassNotFoundException'{0x00000000843e8c10}: org/gradle/api/invocation/GradleBeanInfo> (0x00000000843e8c10) 
thrown [s\src\hotspot\share\classfile\systemDictionary.cpp, line 312]
Event: 14.428 Thread 0x00000161fd1c4b00 Exception <a 'java/lang/ClassNotFoundException'{0x00000000843f5380}: org/gradle/api/invocation/GradleCustomizer> (0x00000000843f5380) 
thrown [s\src\hotspot\share\classfile\systemDictionary.cpp, line 312]
Event: 14.433 Thread 0x00000161fd1c4b00 Exception <a 'java/lang/NoSuchMethodError'{0x000000008421c6e0}: 'void java.lang.invoke.Invokers$Holder.invokeExact_MT(java.lang.Object, java.lang.Object, int, java.lang.Object)'> (0x000000008421c6e0) 
thrown [s\src\hotspot\share\interpreter\linkResolver.cpp, line 784]
Event: 14.441 Thread 0x00000161fd1c4b00 Exception <a 'java/lang/NoSuchMethodError'{0x0000000084250ef8}: 'void java.lang.invoke.Invokers$Holder.invokeExact_MT(java.lang.Object, java.lang.Object, long, java.lang.Object)'> (0x0000000084250ef8) 
thrown [s\src\hotspot\share\interpreter\linkResolver.cpp, line 784]
Event: 14.462 Thread 0x00000161ff168670 Exception <a 'sun/nio/fs/WindowsException'{0x0000000084127f18}> (0x0000000084127f18) 
thrown [s\src\hotspot\share\prims\jni.cpp, line 537]
Event: 14.468 Thread 0x00000161ff168670 Exception <a 'sun/nio/fs/WindowsException'{0x0000000084163918}> (0x0000000084163918) 
thrown [s\src\hotspot\share\prims\jni.cpp, line 537]
Event: 14.545 Thread 0x00000161fd1c4b00 Exception <a 'java/lang/NoSuchMethodError'{0x0000000083e66dd0}: 'long java.lang.invoke.DirectMethodHandle$Holder.invokeStatic(java.lang.Object, long)'> (0x0000000083e66dd0) 
thrown [s\src\hotspot\share\interpreter\linkResolver.cpp, line 784]

ZGC Phase Switch (0 events):
No events

VM Operations (20 events):
Event: 12.500 Executing VM operation: HandshakeAllThreads (Deoptimize)
Event: 12.500 Executing VM operation: HandshakeAllThreads (Deoptimize) done
Event: 12.568 Executing VM operation: HandshakeAllThreads (Deoptimize)
Event: 12.568 Executing VM operation: HandshakeAllThreads (Deoptimize) done
Event: 12.937 Executing VM operation: G1CollectForAllocation (G1 Evacuation Pause)
Event: 12.939 Executing VM operation: G1CollectForAllocation (G1 Evacuation Pause) done
Event: 13.550 Executing VM operation: G1CollectForAllocation (G1 Evacuation Pause)
Event: 13.553 Executing VM operation: G1CollectForAllocation (G1 Evacuation Pause) done
Event: 13.788 Executing VM operation: ICBufferFull
Event: 13.788 Executing VM operation: ICBufferFull done
Event: 14.157 Executing VM operation: HandshakeAllThreads (Deoptimize)
Event: 14.158 Executing VM operation: HandshakeAllThreads (Deoptimize) done
Event: 14.224 Executing VM operation: G1CollectForAllocation (G1 Evacuation Pause)
Event: 14.228 Executing VM operation: G1CollectForAllocation (G1 Evacuation Pause) done
Event: 14.257 Executing VM operation: G1PauseRemark
Event: 14.261 Executing VM operation: G1PauseRemark done
Event: 14.269 Executing VM operation: G1PauseCleanup
Event: 14.269 Executing VM operation: G1PauseCleanup done
Event: 14.473 Executing VM operation: HandshakeAllThreads (Deoptimize)
Event: 14.473 Executing VM operation: HandshakeAllThreads (Deoptimize) done

Memory protections (0 events):
No events

Nmethod flushes (20 events):
Event: 14.259 Thread 0x00000161f8352970 flushing  nmethod 0x000001618039b710
Event: 14.259 Thread 0x00000161f8352970 flushing  nmethod 0x000001618039be10
Event: 14.259 Thread 0x00000161f8352970 flushing  nmethod 0x00000161803f0590
Event: 14.259 Thread 0x00000161f8352970 flushing  nmethod 0x00000161803f2110
Event: 14.259 Thread 0x00000161f8352970 flushing  nmethod 0x00000161803f4090
Event: 14.259 Thread 0x00000161f8352970 flushing  nmethod 0x00000161803f4910
Event: 14.259 Thread 0x00000161f8352970 flushing  nmethod 0x00000161803f4e90
Event: 14.259 Thread 0x00000161f8352970 flushing  nmethod 0x00000161803f5d90
Event: 14.259 Thread 0x00000161f8352970 flushing  nmethod 0x00000161803f7a90
Event: 14.259 Thread 0x00000161f8352970 flushing  nmethod 0x00000161804d4d10
Event: 14.259 Thread 0x00000161f8352970 flushing  nmethod 0x00000161805c2790
Event: 14.259 Thread 0x00000161f8352970 flushing  nmethod 0x00000161805c5790
Event: 14.259 Thread 0x00000161f8352970 flushing  nmethod 0x0000016180715010
Event: 14.259 Thread 0x00000161f8352970 flushing  nmethod 0x0000016180715f90
Event: 14.259 Thread 0x00000161f8352970 flushing  nmethod 0x0000016180716a90
Event: 14.259 Thread 0x00000161f8352970 flushing  nmethod 0x0000016180717410
Event: 14.259 Thread 0x00000161f8352970 flushing  nmethod 0x0000016180768810
Event: 14.259 Thread 0x00000161f8352970 flushing  nmethod 0x00000161807c3110
Event: 14.259 Thread 0x00000161f8352970 flushing  nmethod 0x00000161807c3810
Event: 14.259 Thread 0x00000161f8352970 flushing  nmethod 0x0000016180826710

Events (20 events):
Event: 11.117 Thread 0x00000161fd1c4b00 Thread added: 0x0000016190e10160
Event: 11.118 Thread 0x00000161fd1c4b00 Thread added: 0x0000016190e0f440
Event: 11.348 Thread 0x00000161fd1c4b00 Thread added: 0x0000016190e0edb0
Event: 11.508 Thread 0x00000161fd1c4b00 Thread added: 0x0000016190e11510
Event: 11.585 Thread 0x00000161fd1c4b00 Thread added: 0x0000016190e107f0
Event: 11.586 Thread 0x00000161fd1c4b00 Thread added: 0x0000016190e0e090
Event: 11.587 Thread 0x00000161fd1c4b00 Thread added: 0x0000016190e10e80
Event: 11.589 Thread 0x00000161fd1c4b00 Thread added: 0x0000016190e0fad0
Event: 11.590 Thread 0x00000161fd1c4b00 Thread added: 0x0000016190e0e720
Event: 11.591 Thread 0x00000161fd1c4b00 Thread added: 0x0000016190e11ba0
Event: 11.593 Thread 0x00000161fd1c4b00 Thread added: 0x0000016190e135e0
Event: 11.594 Thread 0x00000161fd1c4b00 Thread added: 0x0000016190e12f50
Event: 11.597 Thread 0x00000161fd1c4b00 Thread added: 0x0000016190e15020
Event: 11.599 Thread 0x00000161fd1c4b00 Thread added: 0x0000016190e13c70
Event: 11.637 Thread 0x00000161fd1c4b00 Thread added: 0x0000016190e128c0
Event: 11.686 Thread 0x00000161fd1c4b00 Thread added: 0x0000016190e14300
Event: 11.714 Thread 0x00000161fd1c4b00 Thread added: 0x0000016190e12230
Event: 12.601 Thread 0x00000161fd1c4b00 Thread added: 0x000001618fd08090
Event: 12.616 Thread 0x00000161fd1c4b00 Thread added: 0x000001618fd06650
Event: 12.634 Thread 0x00000161fd1c4b00 Thread added: 0x000001618fd09440


Dynamic libraries:
0x00007ff74fcb0000 - 0x00007ff74fcba000 	C:\Program Files\Android\Android Studio\jbr\bin\java.exe
0x00007ffaf1460000 - 0x00007ffaf16c7000 	C:\WINDOWS\SYSTEM32\ntdll.dll
0x00007ffaf08a0000 - 0x00007ffaf0969000 	C:\WINDOWS\System32\KERNEL32.DLL
0x00007ffaeed40000 - 0x00007ffaef131000 	C:\WINDOWS\System32\KERNELBASE.dll
0x00007ffaeddd0000 - 0x00007ffaedf1b000 	C:\WINDOWS\System32\ucrtbase.dll
0x00007ffabbad0000 - 0x00007ffabbae8000 	C:\Program Files\Android\Android Studio\jbr\bin\jli.dll
0x00007ffad0790000 - 0x00007ffad07ab000 	C:\Program Files\Android\Android Studio\jbr\bin\VCRUNTIME140.dll
0x00007ffaf0d40000 - 0x00007ffaf0f05000 	C:\WINDOWS\System32\USER32.dll
0x00007ffaee900000 - 0x00007ffaee927000 	C:\WINDOWS\System32\win32u.dll
0x00007ffada6b0000 - 0x00007ffada943000 	C:\WINDOWS\WinSxS\amd64_microsoft.windows.common-controls_6595b64144ccf1df_6.0.26100.8037_none_3e092faae333b53b\COMCTL32.dll
0x00007ffaef210000 - 0x00007ffaef23b000 	C:\WINDOWS\System32\GDI32.dll
0x00007ffaef250000 - 0x00007ffaef2f9000 	C:\WINDOWS\System32\msvcrt.dll
0x00007ffaeec10000 - 0x00007ffaeed3b000 	C:\WINDOWS\System32\gdi32full.dll
0x00007ffaeeb60000 - 0x00007ffaeec03000 	C:\WINDOWS\System32\msvcp_win.dll
0x00007ffaf0d00000 - 0x00007ffaf0d31000 	C:\WINDOWS\System32\IMM32.DLL
0x00007ffae8fc0000 - 0x00007ffae8fcc000 	C:\Program Files\Android\Android Studio\jbr\bin\vcruntime140_1.dll
0x00007ffa6bae0000 - 0x00007ffa6bb6d000 	C:\Program Files\Android\Android Studio\jbr\bin\msvcp140.dll
0x00007ffa378c0000 - 0x00007ffa38556000 	C:\Program Files\Android\Android Studio\jbr\bin\server\jvm.dll
0x00007ffaf0fe0000 - 0x00007ffaf109b000 	C:\WINDOWS\System32\ADVAPI32.dll
0x00007ffaf06f0000 - 0x00007ffaf0797000 	C:\WINDOWS\System32\sechost.dll
0x00007ffaef380000 - 0x00007ffaef498000 	C:\WINDOWS\System32\RPCRT4.dll
0x00007ffaef700000 - 0x00007ffaef774000 	C:\WINDOWS\System32\WS2_32.dll
0x00007ffaedba0000 - 0x00007ffaedbfe000 	C:\WINDOWS\SYSTEM32\POWRPROF.dll
0x00007ffae6df0000 - 0x00007ffae6e25000 	C:\WINDOWS\SYSTEM32\WINMM.dll
0x00007ffae6e30000 - 0x00007ffae6e3b000 	C:\WINDOWS\SYSTEM32\VERSION.dll
0x00007ffaedb80000 - 0x00007ffaedb94000 	C:\WINDOWS\SYSTEM32\UMPDC.dll
0x00007ffaecad0000 - 0x00007ffaecaeb000 	C:\WINDOWS\SYSTEM32\kernel.appcore.dll
0x00007ffae8fa0000 - 0x00007ffae8faa000 	C:\Program Files\Android\Android Studio\jbr\bin\jimage.dll
0x00007ffaebf00000 - 0x00007ffaec142000 	C:\WINDOWS\SYSTEM32\DBGHELP.DLL
0x00007ffaf0970000 - 0x00007ffaf0cf2000 	C:\WINDOWS\System32\combase.dll
0x00007ffaef780000 - 0x00007ffaef857000 	C:\WINDOWS\System32\OLEAUT32.dll
0x00007ffad9e20000 - 0x00007ffad9e5b000 	C:\WINDOWS\SYSTEM32\dbgcore.DLL
0x00007ffaeeab0000 - 0x00007ffaeeb55000 	C:\WINDOWS\System32\bcryptPrimitives.dll
0x00007ffabb9e0000 - 0x00007ffabb9ee000 	C:\Program Files\Android\Android Studio\jbr\bin\instrument.dll
0x00007ffacf1b0000 - 0x00007ffacf1d0000 	C:\Program Files\Android\Android Studio\jbr\bin\java.dll
0x00007ffacb7d0000 - 0x00007ffacb7e8000 	C:\Program Files\Android\Android Studio\jbr\bin\zip.dll
0x00007ffaeff80000 - 0x00007ffaf06df000 	C:\WINDOWS\System32\SHELL32.dll
0x00007ffaee790000 - 0x00007ffaee8fa000 	C:\WINDOWS\System32\wintypes.dll
0x00007ffaedf20000 - 0x00007ffaee784000 	C:\WINDOWS\System32\windows.storage.dll
0x00007ffaf1130000 - 0x00007ffaf1227000 	C:\WINDOWS\System32\SHCORE.dll
0x00007ffaf07a0000 - 0x00007ffaf0807000 	C:\WINDOWS\System32\shlwapi.dll
0x00007ffaedc60000 - 0x00007ffaedc89000 	C:\WINDOWS\SYSTEM32\profapi.dll
0x00007ffae8f50000 - 0x00007ffae8f60000 	C:\Program Files\Android\Android Studio\jbr\bin\net.dll
0x00007ffae4be0000 - 0x00007ffae4d07000 	C:\WINDOWS\SYSTEM32\WINHTTP.dll
0x00007ffaed040000 - 0x00007ffaed0ab000 	C:\WINDOWS\system32\mswsock.dll
0x00007ffacb7b0000 - 0x00007ffacb7c6000 	C:\Program Files\Android\Android Studio\jbr\bin\nio.dll
0x00007ffad14c0000 - 0x00007ffad14d0000 	C:\Program Files\Android\Android Studio\jbr\bin\verify.dll
0x00007ffabe930000 - 0x00007ffabe957000 	C:\Users\maksi\.gradle\native\660c5614fbf4a5f2a75b1949f50a0caf5cd603558e7d8a26e50b933a0cfb79d1\windows-amd64\native-platform.dll
0x00007ffa69df0000 - 0x00007ffa69e67000 	C:\Users\maksi\.gradle\native\0.2.8\x86_64-windows-gnu\gradle-fileevents.dll
0x00007ffadfd10000 - 0x00007ffadfd19000 	C:\Program Files\Android\Android Studio\jbr\bin\management.dll
0x00007ffadd9a0000 - 0x00007ffadd9ab000 	C:\Program Files\Android\Android Studio\jbr\bin\management_ext.dll
0x00007ffaf0810000 - 0x00007ffaf0818000 	C:\WINDOWS\System32\PSAPI.DLL
0x00007ffaec4a0000 - 0x00007ffaec4d3000 	C:\WINDOWS\SYSTEM32\IPHLPAPI.DLL
0x00007ffaef240000 - 0x00007ffaef24a000 	C:\WINDOWS\System32\NSI.dll
0x00007ffae86f0000 - 0x00007ffae86f9000 	C:\Program Files\Android\Android Studio\jbr\bin\extnet.dll
0x00007ffaed320000 - 0x00007ffaed33b000 	C:\WINDOWS\SYSTEM32\CRYPTSP.dll
0x00007ffaeca30000 - 0x00007ffaeca69000 	C:\WINDOWS\system32\rsaenh.dll
0x00007ffaed0f0000 - 0x00007ffaed122000 	C:\WINDOWS\SYSTEM32\USERENV.dll
0x00007ffaedc30000 - 0x00007ffaedc5a000 	C:\WINDOWS\SYSTEM32\bcrypt.dll
0x00007ffaed340000 - 0x00007ffaed34c000 	C:\WINDOWS\SYSTEM32\CRYPTBASE.dll
0x00007ffac87a0000 - 0x00007ffac87a8000 	C:\WINDOWS\system32\wshunix.dll

JVMTI agents:
C:\Users\maksi\.gradle\wrapper\dists\gradle-9.2.1-bin\2t0n5ozlw9xmuyvbp7dnzaxug\gradle-9.2.1\lib\agents\gradle-instrumentation-agent-9.2.1.jar path:C:\Program Files\Android\Android Studio\jbr\bin\instrument.dll, loaded, initialized, instrumentlib options:none

dbghelp: loaded successfully - version: 4.0.5 - missing functions: none
symbol engine: initialized successfully - sym options: 0x614 - pdb path: .;C:\Program Files\Android\Android Studio\jbr\bin;C:\WINDOWS\SYSTEM32;C:\WINDOWS\WinSxS\amd64_microsoft.windows.common-controls_6595b64144ccf1df_6.0.26100.8037_none_3e092faae333b53b;C:\Program Files\Android\Android Studio\jbr\bin\server;C:\Users\maksi\.gradle\native\660c5614fbf4a5f2a75b1949f50a0caf5cd603558e7d8a26e50b933a0cfb79d1\windows-amd64;C:\Users\maksi\.gradle\native\0.2.8\x86_64-windows-gnu

VM Arguments:
jvm_args: --add-opens=java.base/java.lang=ALL-UNNAMED --add-opens=java.base/java.lang.invoke=ALL-UNNAMED --add-opens=java.base/java.util=ALL-UNNAMED --add-opens=java.prefs/java.util.prefs=ALL-UNNAMED --add-exports=jdk.compiler/com.sun.tools.javac.api=ALL-UNNAMED --add-exports=jdk.compiler/com.sun.tools.javac.util=ALL-UNNAMED --add-opens=java.base/java.util=ALL-UNNAMED --add-opens=java.prefs/java.util.prefs=ALL-UNNAMED --add-opens=java.base/java.nio.charset=ALL-UNNAMED --add-opens=java.base/java.net=ALL-UNNAMED --add-opens=java.base/java.util.concurrent=ALL-UNNAMED --add-opens=java.base/java.util.concurrent.atomic=ALL-UNNAMED --add-opens=java.xml/javax.xml.namespace=ALL-UNNAMED --add-opens=java.base/java.time=ALL-UNNAMED -Xmx2048m -Dfile.encoding=UTF-8 -Duser.country=RU -Duser.language=ru -Duser.variant -javaagent:C:\Users\maksi\.gradle\wrapper\dists\gradle-9.2.1-bin\2t0n5ozlw9xmuyvbp7dnzaxug\gradle-9.2.1\lib\agents\gradle-instrumentation-agent-9.2.1.jar 
java_command: org.gradle.launcher.daemon.bootstrap.GradleDaemon 9.2.1
java_class_path (initial): C:\Users\maksi\.gradle\wrapper\dists\gradle-9.2.1-bin\2t0n5ozlw9xmuyvbp7dnzaxug\gradle-9.2.1\lib\gradle-daemon-main-9.2.1.jar
Launcher Type: SUN_STANDARD

[Global flags]
     intx CICompilerCount                          = 4                                         {product} {ergonomic}
     uint ConcGCThreads                            = 3                                         {product} {ergonomic}
     uint G1ConcRefinementThreads                  = 10                                        {product} {ergonomic}
   size_t G1HeapRegionSize                         = 1048576                                   {product} {ergonomic}
    uintx GCDrainStackTargetSize                   = 64                                        {product} {ergonomic}
   size_t InitialHeapSize                          = 98566144                                  {product} {ergonomic}
   size_t MarkStackSize                            = 4194304                                   {product} {ergonomic}
   size_t MaxHeapSize                              = 2147483648                                {product} {command line}
   size_t MaxNewSize                               = 1287651328                                {product} {ergonomic}
   size_t MinHeapDeltaBytes                        = 1048576                                   {product} {ergonomic}
   size_t MinHeapSize                              = 8388608                                   {product} {ergonomic}
    uintx NonNMethodCodeHeapSize                   = 5839372                                {pd product} {ergonomic}
    uintx NonProfiledCodeHeapSize                  = 122909434                              {pd product} {ergonomic}
    uintx ProfiledCodeHeapSize                     = 122909434                              {pd product} {ergonomic}
    uintx ReservedCodeCacheSize                    = 251658240                              {pd product} {ergonomic}
     bool SegmentedCodeCache                       = true                                      {product} {ergonomic}
   size_t SoftMaxHeapSize                          = 2147483648                             {manageable} {ergonomic}
     bool UseCompressedOops                        = true                           {product lp64_product} {ergonomic}
     bool UseG1GC                                  = true                                      {product} {ergonomic}
     bool UseLargePagesIndividualAllocation        = false                                  {pd product} {ergonomic}

Logging:
Log output configuration:
 #0: stdout all=warning uptime,level,tags foldmultilines=false
 #1: stderr all=off uptime,level,tags foldmultilines=false

Release file:
JAVA_VERSION="21.0.9" 
MODULES="java.base java.compiler java.datatransfer java.xml java.prefs java.desktop java.instrument java.logging java.management java.security.sasl java.naming java.rmi java.management.rmi java.net.http java.scripting java.security.jgss java.transaction.xa java.sql java.sql.rowset java.xml.crypto java.se java.smartcardio jdk.accessibility jdk.internal.jvmstat jdk.attach jdk.charsets jdk.internal.opt jdk.zipfs jdk.compiler jdk.crypto.ec jdk.crypto.cryptoki jdk.dynalink jdk.hotspot.agent jdk.httpserver jdk.internal.ed jdk.internal.le jdk.internal.vm.ci jdk.jartool jdk.javadoc jdk.jcmd jdk.jdeps jdk.jdwp.agent jdk.jdi jdk.jfr jdk.jlink jdk.jsobject jdk.localedata jdk.management jdk.management.agent jdk.management.jfr jdk.naming.dns jdk.naming.rmi jdk.net jdk.sctp jdk.security.auth jdk.security.jgss jdk.unsupported jdk.unsupported.desktop jdk.xml.dom" 
IMPLEMENTOR="JetBrains s.r.o." 
JAVA_RUNTIME_VERSION="21.0.9+-14649483-b1163.86" 
LIBC="default" 
OS_ARCH="x86_64" 
OS_NAME="Windows" 
SOURCE=".:git:554d0c326095" 

Environment Variables:
PATH=C:\Program Files\Common Files\Oracle\Java\javapath;C:\Windows\system32;C:\Windows;C:\Windows\System32\Wbem;C:\Windows\System32\WindowsPowerShell\v1.0\;C:\Windows\System32\OpenSSH\;C:\Program Files\dotnet\;C:\WINDOWS\system32;C:\WINDOWS;C:\WINDOWS\System32\Wbem;C:\WINDOWS\System32\WindowsPowerShell\v1.0\;C:\WINDOWS\System32\OpenSSH\;C:\Program Files\Java\jdk-21\bin;C:\Program Files (x86)\dotnet\;C:\Program Files\Microsoft SQL Server\150\Tools\Binn\;C:\Program Files\Microsoft SQL Server\Client SDK\ODBC\170\Tools\Binn\;C:\Program Files\Redis;;C:\Program Files\Docker\Docker\resources\bin;C:\Program Files\PuTTY\;C:\Users\maksi\AppData\Local\Programs\Python\Python313\Scripts\;C:\Users\maksi\AppData\Local\Programs\Python\Python313\;C:\Users\maksi\AppData\Local\Microsoft\WindowsApps;C:\Users\maksi\AppData\Local\Programs\Git\cmd;C:\Users\maksi\AppData\Local\Programs\Git\mingw64\bin;C:\Users\maksi\AppData\Local\Programs\Git\usr\bin;C:\Users\maksi\AppData\Local\GitHubDesktop\bin;C:\Users\maksi\.dotnet\tools;
USERNAME=maksi
OS=Windows_NT
PROCESSOR_IDENTIFIER=AMD64 Family 23 Model 104 Stepping 1, AuthenticAMD
TMP=C:\Users\maksi\AppData\Local\Temp
TEMP=C:\Users\maksi\AppData\Local\Temp




Periodic native trim disabled

JNI global refs:
JNI global refs: 27, weak refs: 7

JNI global refs memory usage: 835, weak refs: 833

Process memory usage:
Resident Set Size: 266848K (4% of 6149880K total physical memory with 305192K free physical memory)

OOME stack traces (most recent first):
Classloader memory used:
Loader org.gradle.internal.classloader.VisitableURLClassLoader                         : 36336K
Loader bootstrap                                                                       : 22237K
Loader org.gradle.initialization.MixInLegacyTypesClassLoader                           : 10717K
Loader jdk.internal.loader.ClassLoaders$AppClassLoader                                 : 230K
Loader jdk.internal.loader.ClassLoaders$PlatformClassLoader                            : 163K
Loader org.gradle.groovy.scripts.internal.DefaultScriptCompilationHandler$ScriptClassLoader: 104K
Loader jdk.internal.reflect.DelegatingClassLoader                                      : 68680B
Loader org.gradle.internal.classloader.VisitableURLClassLoader                         : 64032B
Loader org.gradle.internal.classloader.VisitableURLClassLoader$InstrumentingVisitableURLClassLoader: 62096B

Classes loaded by more than one classloader:
Class org.gradle.internal.classloader.FilteringClassLoader                            : loaded 2 times (x 105B)
Class org.gradle.internal.classloader.ClassLoaderHierarchy                            : loaded 2 times (x 70B)
Class org.gradle.api.internal.classpath.ManifestUtil                                  : loaded 2 times (x 71B)
Class org.gradle.internal.classloader.DefaultClassLoaderFactory                       : loaded 2 times (x 82B)
Class org.gradle.internal.classloader.ClassLoaderVisitor                              : loaded 2 times (x 76B)
Class org.gradle.api.internal.classpath.EffectiveClassPath                            : loaded 2 times (x 90B)
Class org.gradle.api.internal.DefaultClassPathProvider                                : loaded 2 times (x 76B)
Class ijJvmDebugger2_4qyjobsy2od0zb6g9zsyycm4m                                        : loaded 2 times (x 171B)
Class [Lorg.gradle.api.internal.ClassPathProvider;                                    : loaded 2 times (x 69B)
Class org.gradle.api.internal.ClassPathProvider                                       : loaded 2 times (x 70B)
Class org.gradle.internal.service.UnknownServiceException                             : loaded 2 times (x 83B)
Class org.gradle.internal.classpath.TransformedClassPath                              : loaded 2 times (x 96B)
Class org.gradle.internal.classloader.InstrumentingClassLoader                        : loaded 2 times (x 70B)
Class org.gradle.internal.service.ServiceLocator                                      : loaded 2 times (x 70B)
Class org.gradle.internal.classloader.ClasspathUtil$1                                 : loaded 2 times (x 76B)
Class org.gradle.api.internal.classpath.DefaultModuleRegistry$DefaultModule           : loaded 2 times (x 86B)
Class org.gradle.api.internal.classpath.Module                                        : loaded 2 times (x 70B)
Class org.gradle.api.internal.classpath.UnknownModuleException                        : loaded 2 times (x 82B)
Class org.gradle.api.internal.DefaultClassPathRegistry                                : loaded 2 times (x 76B)
Class org.gradle.api.internal.ClassPathRegistry                                       : loaded 2 times (x 70B)
Class org.gradle.internal.classpath.DefaultClassPath$ImmutableUniqueList              : loaded 2 times (x 199B)
Class Settings_gradle$1                                                               : loaded 2 times (x 74B)
Class Program                                                                         : loaded 2 times (x 72B)
Class org.gradle.internal.classpath.ClassPath                                         : loaded 2 times (x 70B)
Class org.gradle.api.internal.classpath.ModuleRegistry                                : loaded 2 times (x 70B)
Class org.gradle.internal.installation.GradleInstallation$1                           : loaded 2 times (x 75B)
Class org.gradle.api.internal.classpath.DefaultModuleRegistry                         : loaded 2 times (x 86B)
Class org.gradle.internal.service.ServiceLookupException                              : loaded 2 times (x 82B)
Class org.gradle.internal.classloader.ClassLoaderFactory                              : loaded 2 times (x 70B)
Class org.gradle.internal.service.CachingServiceLocator                               : loaded 2 times (x 82B)
Class org.gradle.internal.classloader.ClasspathUtil                                   : loaded 2 times (x 71B)
Class org.gradle.api.specs.Spec                                                       : loaded 2 times (x 70B)
Class org.gradle.internal.classloader.VisitableURLClassLoader$InstrumentingVisitableURLClassLoader: loaded 2 times (x 123B)
Class org.gradle.internal.classloader.VisitableURLClassLoader$Spec                    : loaded 2 times (x 74B)
Class org.gradle.internal.classpath.DefaultClassPath                                  : loaded 2 times (x 90B)
Class org.gradle.internal.classloader.ClassLoaderSpec                                 : loaded 2 times (x 71B)
Class Settings_gradle$1$1                                                             : loaded 2 times (x 74B)
Class org.gradle.internal.classloader.VisitableURLClassLoader                         : loaded 2 times (x 117B)
Class Settings_gradle                                                                 : loaded 2 times (x 124B)
Class org.gradle.internal.Cast                                                        : loaded 2 times (x 71B)
Class org.gradle.api.Action                                                           : loaded 2 times (x 70B)
Class org.gradle.internal.classpath.DefaultClassPath$ImmutableUniqueList$Builder      : loaded 2 times (x 75B)
Class org.gradle.api.GradleException                                                  : loaded 2 times (x 82B)
Class ijKotlinCoroutineJvmDebugInit2_80bcq0ongdhmf57xr9k56ejj7                        : loaded 2 times (x 171B)
Class org.gradle.internal.IoActions                                                   : loaded 2 times (x 71B)
Class org.gradle.internal.classloader.SystemClassLoaderSpec                           : loaded 2 times (x 71B)
Class ijKotlinCoroutineJvmDebugInit2_80bcq0ongdhmf57xr9k56ejj7$_run_closure1$_closure2: loaded 2 times (x 139B)
Class org.gradle.api.internal.classpath.GlobalCacheRootsProvider                      : loaded 2 times (x 70B)
Class ijJvmDebugger2_4qyjobsy2od0zb6g9zsyycm4m$_run_closure1$_closure2                : loaded 2 times (x 140B)
Class ijJvmDebugger2_4qyjobsy2od0zb6g9zsyycm4m$_run_closure1                          : loaded 2 times (x 139B)
Class org.gradle.internal.installation.CurrentGradleInstallationLocator               : loaded 2 times (x 71B)
Class org.gradle.internal.service.DefaultServiceLocator                               : loaded 2 times (x 83B)
Class org.gradle.internal.installation.CurrentGradleInstallation                      : loaded 2 times (x 73B)
Class org.gradle.util.internal.GUtil                                                  : loaded 2 times (x 71B)
Class org.gradle.internal.installation.GradleInstallation                             : loaded 2 times (x 75B)
Class ijKotlinCoroutineJvmDebugInit2_80bcq0ongdhmf57xr9k56ejj7$_run_closure1          : loaded 2 times (x 139B)

---------------  S Y S T E M  ---------------

OS:
 Windows 11 , 64 bit Build 26100 (10.0.26100.7920)
OS uptime: 10 days 8:35 hours
Hyper-V role detected

CPU: total 12 (initial active 12) (12 cores per cpu, 2 threads per core) family 23 model 104 stepping 1 microcode 0x8608103, cx8, cmov, fxsr, ht, mmx, 3dnowpref, sse, sse2, sse3, ssse3, sse4a, sse4.1, sse4.2, popcnt, lzcnt, tsc, tscinvbit, avx, avx2, aes, clmul, bmi1, bmi2, adx, sha, fma, vzeroupper, clflush, clflushopt, hv, rdtscp, rdpid, f16c
Processor Information for processor 0
  Max Mhz: 2100, Current Mhz: 2100, Mhz Limit: 2100
Processor Information for processor 1
  Max Mhz: 2100, Current Mhz: 2100, Mhz Limit: 2100
Processor Information for processor 2
  Max Mhz: 2100, Current Mhz: 2100, Mhz Limit: 2100
Processor Information for processor 3
  Max Mhz: 2100, Current Mhz: 1988, Mhz Limit: 2100
Processor Information for processor 4
  Max Mhz: 2100, Current Mhz: 1988, Mhz Limit: 2100
Processor Information for processor 5
  Max Mhz: 2100, Current Mhz: 1988, Mhz Limit: 2100
Processor Information for processor 6
  Max Mhz: 2100, Current Mhz: 2100, Mhz Limit: 2100
Processor Information for processor 7
  Max Mhz: 2100, Current Mhz: 1988, Mhz Limit: 2100
Processor Information for processor 8
  Max Mhz: 2100, Current Mhz: 2100, Mhz Limit: 2100
Processor Information for processor 9
  Max Mhz: 2100, Current Mhz: 1988, Mhz Limit: 2100
Processor Information for processor 10
  Max Mhz: 2100, Current Mhz: 2100, Mhz Limit: 2100
Processor Information for processor 11
  Max Mhz: 2100, Current Mhz: 1988, Mhz Limit: 2100

Memory: 4k page, system-wide physical 6005M (292M free)
TotalPageFile size 24437M (AvailPageFile size 14M)
current process WorkingSet (physical memory assigned to process): 260M, peak: 261M
current process commit charge ("private bytes"): 315M, peak: 317M

vm_info: OpenJDK 64-Bit Server VM (21.0.9+-14649483-b1163.86) for windows-amd64 JRE (21.0.9+-14649483-b1163.86), built on 2025-12-30T22:08:35Z by "builder" with MS VC++ 16.10 / 16.11 (VS2019)

END.
