#
# There is insufficient memory for the Java Runtime Environment to continue.
# Native memory allocation (malloc) failed to allocate 782496 bytes. Error detail: Chunk::new
# Possible reasons:
#   The system is out of physical RAM or swap space
#   This process is running with CompressedOops enabled, and the Java Heap may be blocking the growth of the native heap
# Possible solutions:
#   Reduce memory load on the system
#   Increase physical memory or swap space
#   Check if swap backing store is full
#   Decrease Java heap size (-Xmx/-Xms)
#   Decrease number of Java threads
#   Decrease Java thread stack sizes (-Xss)
#   Set larger code cache with -XX:ReservedCodeCacheSize=
#   JVM is running with Unscaled Compressed Oops mode in which the Java heap is
#     placed in the first 4GB address space. The Java Heap base address is the
#     maximum limit for the native heap growth. Please use -XX:HeapBaseMinAddress
#     to set the Java Heap base and to place the Java Heap above 4GB virtual address.
# This output file may be truncated or incomplete.
#
#  Out of Memory Error (arena.cpp:168), pid=20112, tid=28976
#
# JRE version: OpenJDK Runtime Environment (21.0.9) (build 21.0.9+-14649483-b1163.86)
# Java VM: OpenJDK 64-Bit Server VM (21.0.9+-14649483-b1163.86, mixed mode, tiered, compressed oops, compressed class ptrs, g1 gc, windows-amd64)
# No core dump will be written. Minidumps are not enabled by default on client versions of Windows
#

---------------  S U M M A R Y ------------

Command Line: --add-opens=java.base/java.lang=ALL-UNNAMED --add-opens=java.base/java.lang.invoke=ALL-UNNAMED --add-opens=java.base/java.util=ALL-UNNAMED --add-opens=java.prefs/java.util.prefs=ALL-UNNAMED --add-exports=jdk.compiler/com.sun.tools.javac.api=ALL-UNNAMED --add-exports=jdk.compiler/com.sun.tools.javac.util=ALL-UNNAMED --add-opens=java.base/java.util=ALL-UNNAMED --add-opens=java.prefs/java.util.prefs=ALL-UNNAMED --add-opens=java.base/java.nio.charset=ALL-UNNAMED --add-opens=java.base/java.net=ALL-UNNAMED --add-opens=java.base/java.util.concurrent=ALL-UNNAMED --add-opens=java.base/java.util.concurrent.atomic=ALL-UNNAMED --add-opens=java.xml/javax.xml.namespace=ALL-UNNAMED --add-opens=java.base/java.time=ALL-UNNAMED -Xmx2048m -Dfile.encoding=UTF-8 -Duser.country=RU -Duser.language=ru -Duser.variant -javaagent:C:\Users\maksi\.gradle\wrapper\dists\gradle-9.2.1-bin\2t0n5ozlw9xmuyvbp7dnzaxug\gradle-9.2.1\lib\agents\gradle-instrumentation-agent-9.2.1.jar org.gradle.launcher.daemon.bootstrap.GradleDaemon 9.2.1

Host: AMD Ryzen 5 5500U with Radeon Graphics         , 12 cores, 5G,  Windows 11 , 64 bit Build 26100 (10.0.26100.7920)
Time: Sat Apr 11 18:06:19 2026 elapsed time: 27.403643 seconds (0d 0h 0m 27s)

---------------  T H R E A D  ---------------

Current thread (0x0000026b6b2241b0):  JavaThread "C2 CompilerThread0" daemon [_thread_in_native, id=28976, stack(0x000000fc47000000,0x000000fc47100000) (1024K)]


Current CompileTask:
C2:27403 2720   !   4       java.util.zip.InflaterInputStream::read (129 bytes)

Stack: [0x000000fc47000000,0x000000fc47100000]
Native frames: (J=compiled Java code, j=interpreted, Vv=VM code, C=native code)
V  [jvm.dll+0x6d6c99]
V  [jvm.dll+0x866b83]
V  [jvm.dll+0x86919e]
V  [jvm.dll+0x869883]
V  [jvm.dll+0x280776]
V  [jvm.dll+0xc07cd]
V  [jvm.dll+0xc0d03]
V  [jvm.dll+0x2f5a10]
V  [jvm.dll+0x5ff9a9]
V  [jvm.dll+0x252572]
V  [jvm.dll+0x24aeba]
V  [jvm.dll+0x24892e]
V  [jvm.dll+0x1c7344]
V  [jvm.dll+0x2581ae]
V  [jvm.dll+0x2566f6]
V  [jvm.dll+0x3f48a6]
V  [jvm.dll+0x80f118]
V  [jvm.dll+0x6d54ed]
C  [ucrtbase.dll+0x37b0]
C  [KERNEL32.DLL+0x2e8d7]
C  [ntdll.dll+0x8c48c]


---------------  P R O C E S S  ---------------

Threads class SMR info:
_java_thread_list=0x0000026b6b391460, length=22, elements={
0x0000026b51692b60, 0x0000026b6b209080, 0x0000026b6b20c5d0, 0x0000026b6b237000,
0x0000026b6b21ed50, 0x0000026b6b21f7b0, 0x0000026b6b220210, 0x0000026b6b220c70,
0x0000026b6b2241b0, 0x0000026b6b218050, 0x0000026b6b549cd0, 0x0000026b705328f0,
0x0000026b704bbb40, 0x0000026b70c258b0, 0x0000026b70831d70, 0x0000026b7073ebb0,
0x0000026b70e80680, 0x0000026b70e820c0, 0x0000026b70e80d10, 0x0000026b70e813a0,
0x0000026b70e81a30, 0x0000026b6b62a720
}

Java Threads: ( => current thread )
  0x0000026b51692b60 JavaThread "main"                              [_thread_blocked, id=25124, stack(0x000000fc46100000,0x000000fc46200000) (1024K)]
  0x0000026b6b209080 JavaThread "Common-Cleaner"             daemon [_thread_blocked, id=8720, stack(0x000000fc46900000,0x000000fc46a00000) (1024K)]
  0x0000026b6b20c5d0 JavaThread "Reference Handler"          daemon [_thread_blocked, id=33140, stack(0x000000fc46a00000,0x000000fc46b00000) (1024K)]
  0x0000026b6b237000 JavaThread "Finalizer"                  daemon [_thread_blocked, id=21884, stack(0x000000fc46b00000,0x000000fc46c00000) (1024K)]
  0x0000026b6b21ed50 JavaThread "Signal Dispatcher"          daemon [_thread_blocked, id=31352, stack(0x000000fc46c00000,0x000000fc46d00000) (1024K)]
  0x0000026b6b21f7b0 JavaThread "Attach Listener"            daemon [_thread_blocked, id=29404, stack(0x000000fc46d00000,0x000000fc46e00000) (1024K)]
  0x0000026b6b220210 JavaThread "Service Thread"             daemon [_thread_blocked, id=25564, stack(0x000000fc46e00000,0x000000fc46f00000) (1024K)]
  0x0000026b6b220c70 JavaThread "Monitor Deflation Thread"   daemon [_thread_blocked, id=7432, stack(0x000000fc46f00000,0x000000fc47000000) (1024K)]
=>0x0000026b6b2241b0 JavaThread "C2 CompilerThread0"         daemon [_thread_in_native, id=28976, stack(0x000000fc47000000,0x000000fc47100000) (1024K)]
  0x0000026b6b218050 JavaThread "C1 CompilerThread0"         daemon [_thread_blocked, id=10544, stack(0x000000fc47100000,0x000000fc47200000) (1024K)]
  0x0000026b6b549cd0 JavaThread "Notification Thread"        daemon [_thread_blocked, id=4204, stack(0x000000fc47200000,0x000000fc47300000) (1024K)]
  0x0000026b705328f0 JavaThread "Daemon health stats"               [_thread_blocked, id=9816, stack(0x000000fc47700000,0x000000fc47800000) (1024K)]
  0x0000026b704bbb40 JavaThread "Incoming local TCP Connector on port 44800"        [_thread_in_native, id=19992, stack(0x000000fc47800000,0x000000fc47900000) (1024K)]
  0x0000026b70c258b0 JavaThread "Daemon periodic checks"            [_thread_in_vm, id=20340, stack(0x000000fc47900000,0x000000fc47a00000) (1024K)]
  0x0000026b70831d70 JavaThread "Daemon"                            [_thread_blocked, id=24152, stack(0x000000fc47a00000,0x000000fc47b00000) (1024K)]
  0x0000026b7073ebb0 JavaThread "Handler for socket connection from /127.0.0.1:44800 to /127.0.0.1:44801"        [_thread_in_native, id=25624, stack(0x000000fc47b00000,0x000000fc47c00000) (1024K)]
  0x0000026b70e80680 JavaThread "Cancel handler"                    [_thread_blocked, id=19148, stack(0x000000fc47c00000,0x000000fc47d00000) (1024K)]
  0x0000026b70e820c0 JavaThread "Daemon worker"                     [_thread_in_vm, id=26116, stack(0x000000fc48400000,0x000000fc48500000) (1024K)]
  0x0000026b70e80d10 JavaThread "Asynchronous log dispatcher for DefaultDaemonConnection: socket connection from /127.0.0.1:44800 to /127.0.0.1:44801"        [_thread_blocked, id=32212, stack(0x000000fc48500000,0x000000fc48600000) (1024K)]
  0x0000026b70e813a0 JavaThread "Stdin handler"                     [_thread_blocked, id=30360, stack(0x000000fc48600000,0x000000fc48700000) (1024K)]
  0x0000026b70e81a30 JavaThread "Daemon client event forwarder"        [_thread_blocked, id=18004, stack(0x000000fc48700000,0x000000fc48800000) (1024K)]
  0x0000026b6b62a720 JavaThread "C2 CompilerThread1"         daemon [_thread_blocked, id=13528, stack(0x000000fc48800000,0x000000fc48900000) (1024K)]
Total: 22

Other Threads:
  0x0000026b5112fa50 VMThread "VM Thread"                           [id=32036, stack(0x000000fc46800000,0x000000fc46900000) (1024K)]
  0x0000026b6aff3c90 WatcherThread "VM Periodic Task Thread"        [id=24044, stack(0x000000fc46700000,0x000000fc46800000) (1024K)]
  0x0000026b5112ef70 WorkerThread "GC Thread#0"                     [id=26728, stack(0x000000fc46200000,0x000000fc46300000) (1024K)]
  0x0000026b5112f310 WorkerThread "GC Thread#1"                     [id=12148, stack(0x000000fc47300000,0x000000fc47400000) (1024K)]
  0x0000026b5112f6b0 WorkerThread "GC Thread#2"                     [id=24708, stack(0x000000fc47400000,0x000000fc47500000) (1024K)]
  0x0000026b5112e490 WorkerThread "GC Thread#3"                     [id=20452, stack(0x000000fc47500000,0x000000fc47600000) (1024K)]
  0x0000026b70589290 WorkerThread "GC Thread#4"                     [id=31768, stack(0x000000fc47600000,0x000000fc47700000) (1024K)]
  0x0000026b7058a110 WorkerThread "GC Thread#5"                     [id=29432, stack(0x000000fc47d00000,0x000000fc47e00000) (1024K)]
  0x0000026b7058b6d0 WorkerThread "GC Thread#6"                     [id=10944, stack(0x000000fc47e00000,0x000000fc47f00000) (1024K)]
  0x0000026b7058c8f0 WorkerThread "GC Thread#7"                     [id=5384, stack(0x000000fc47f00000,0x000000fc48000000) (1024K)]
  0x0000026b7058cc90 WorkerThread "GC Thread#8"                     [id=9016, stack(0x000000fc48000000,0x000000fc48100000) (1024K)]
  0x0000026b7058a4b0 WorkerThread "GC Thread#9"                     [id=26544, stack(0x000000fc48100000,0x000000fc48200000) (1024K)]
  0x0000026b516fdc90 ConcurrentGCThread "G1 Main Marker"            [id=20184, stack(0x000000fc46300000,0x000000fc46400000) (1024K)]
  0x0000026b5112e0f0 WorkerThread "G1 Conc#0"                       [id=25008, stack(0x000000fc46400000,0x000000fc46500000) (1024K)]
  0x0000026b7058abf0 WorkerThread "G1 Conc#1"                       [id=31192, stack(0x000000fc48200000,0x000000fc48300000) (1024K)]
  0x0000026b7058ba70 WorkerThread "G1 Conc#2"                       [id=27116, stack(0x000000fc48300000,0x000000fc48400000) (1024K)]
  0x0000026b5174e8f0 ConcurrentGCThread "G1 Refine#0"               [id=29316, stack(0x000000fc46500000,0x000000fc46600000) (1024K)]
  0x0000026b6aec0550 ConcurrentGCThread "G1 Service"                [id=15376, stack(0x000000fc46600000,0x000000fc46700000) (1024K)]
Total: 18

Threads with active compile tasks:
C2 CompilerThread0  27421 2720   !   4       java.util.zip.InflaterInputStream::read (129 bytes)
Total: 1

VM state: not at safepoint (normal execution)

VM Mutex/Monitor currently owned by a thread:  ([mutex/lock_event])
[0x00007ffa36ec6490] Metaspace_lock - owner thread: 0x0000026b70e820c0

Heap address: 0x0000000080000000, size: 2048 MB, Compressed Oops mode: 32-bit

CDS archive(s) not mapped
Compressed class space mapped at: 0x0000000100000000-0x0000000140000000, reserved size: 1073741824
Narrow klass base: 0x0000000000000000, Narrow klass shift: 3, Narrow klass range: 0x140000000

GC Precious Log:
 CardTable entry size: 512
 Card Set container configuration: InlinePtr #cards 5 size 8 Array Of Cards #cards 12 size 40 Howl #buckets 4 coarsen threshold 1843 Howl Bitmap #cards 512 size 80 coarsen threshold 460 Card regions per heap region 1 cards per card region 2048
 CPUs: 12 total, 12 available
 Memory: 6005M
 Large Page Support: Disabled
 NUMA Support: Disabled
 Compressed Oops: Enabled (32-bit)
 Heap Region Size: 1M
 Heap Min Capacity: 8M
 Heap Initial Capacity: 94M
 Heap Max Capacity: 2G
 Pre-touch: Disabled
 Parallel Workers: 10
 Concurrent Workers: 3
 Concurrent Refinement Workers: 10
 Periodic GC: Disabled

Heap:
 garbage-first heap   total 71680K, used 28780K [0x0000000080000000, 0x0000000100000000)
  region size 1024K, 17 young (17408K), 7 survivors (7168K)
 Metaspace       used 22953K, committed 23296K, reserved 1114112K
  class space    used 2754K, committed 2944K, reserved 1048576K

Heap Regions: E=young(eden), S=young(survivor), O=old, HS=humongous(starts), HC=humongous(continues), CS=collection set, F=free, TAMS=top-at-mark-start, PB=parsable bottom
|   0|0x0000000080000000, 0x0000000080100000, 0x0000000080100000|100%|HS|  |TAMS 0x0000000080000000| PB 0x0000000080000000| Complete 
|   1|0x0000000080100000, 0x0000000080200000, 0x0000000080200000|100%|HC|  |TAMS 0x0000000080100000| PB 0x0000000080100000| Complete 
|   2|0x0000000080200000, 0x0000000080300000, 0x0000000080300000|100%|HC|  |TAMS 0x0000000080200000| PB 0x0000000080200000| Complete 
|   3|0x0000000080300000, 0x0000000080400000, 0x0000000080400000|100%|HC|  |TAMS 0x0000000080300000| PB 0x0000000080300000| Complete 
|   4|0x0000000080400000, 0x0000000080500000, 0x0000000080500000|100%| O|  |TAMS 0x0000000080400000| PB 0x0000000080400000| Untracked 
|   5|0x0000000080500000, 0x0000000080600000, 0x0000000080600000|100%| O|  |TAMS 0x0000000080500000| PB 0x0000000080500000| Untracked 
|   6|0x0000000080600000, 0x0000000080700000, 0x0000000080700000|100%| O|  |TAMS 0x0000000080600000| PB 0x0000000080600000| Untracked 
|   7|0x0000000080700000, 0x0000000080800000, 0x0000000080800000|100%| O|  |TAMS 0x0000000080700000| PB 0x0000000080700000| Untracked 
|   8|0x0000000080800000, 0x0000000080900000, 0x0000000080900000|100%| O|  |TAMS 0x0000000080800000| PB 0x0000000080800000| Untracked 
|   9|0x0000000080900000, 0x0000000080a00000, 0x0000000080a00000|100%| O|  |TAMS 0x0000000080900000| PB 0x0000000080900000| Untracked 
|  10|0x0000000080a00000, 0x0000000080b00000, 0x0000000080b00000|100%| O|  |TAMS 0x0000000080a00000| PB 0x0000000080a00000| Untracked 
|  11|0x0000000080b00000, 0x0000000080c00000, 0x0000000080c00000|100%|HS|  |TAMS 0x0000000080b00000| PB 0x0000000080b00000| Complete 
|  12|0x0000000080c00000, 0x0000000080d00000, 0x0000000080d00000|100%| O|  |TAMS 0x0000000080c00000| PB 0x0000000080c00000| Untracked 
|  13|0x0000000080d00000, 0x0000000080d1b3f0, 0x0000000080e00000| 10%| O|Cm|TAMS 0x0000000080d00000| PB 0x0000000080d00000| Complete 
|  14|0x0000000080e00000, 0x0000000080e00000, 0x0000000080f00000|  0%| F|  |TAMS 0x0000000080e00000| PB 0x0000000080e00000| Untracked 
|  15|0x0000000080f00000, 0x0000000080f00000, 0x0000000081000000|  0%| F|  |TAMS 0x0000000080f00000| PB 0x0000000080f00000| Untracked 
|  16|0x0000000081000000, 0x0000000081000000, 0x0000000081100000|  0%| F|  |TAMS 0x0000000081000000| PB 0x0000000081000000| Untracked 
|  17|0x0000000081100000, 0x0000000081100000, 0x0000000081200000|  0%| F|  |TAMS 0x0000000081100000| PB 0x0000000081100000| Untracked 
|  18|0x0000000081200000, 0x0000000081200000, 0x0000000081300000|  0%| F|  |TAMS 0x0000000081200000| PB 0x0000000081200000| Untracked 
|  19|0x0000000081300000, 0x0000000081300000, 0x0000000081400000|  0%| F|  |TAMS 0x0000000081300000| PB 0x0000000081300000| Untracked 
|  20|0x0000000081400000, 0x0000000081400000, 0x0000000081500000|  0%| F|  |TAMS 0x0000000081400000| PB 0x0000000081400000| Untracked 
|  21|0x0000000081500000, 0x0000000081500000, 0x0000000081600000|  0%| F|  |TAMS 0x0000000081500000| PB 0x0000000081500000| Untracked 
|  22|0x0000000081600000, 0x0000000081600000, 0x0000000081700000|  0%| F|  |TAMS 0x0000000081600000| PB 0x0000000081600000| Untracked 
|  23|0x0000000081700000, 0x0000000081700000, 0x0000000081800000|  0%| F|  |TAMS 0x0000000081700000| PB 0x0000000081700000| Untracked 
|  24|0x0000000081800000, 0x0000000081800000, 0x0000000081900000|  0%| F|  |TAMS 0x0000000081800000| PB 0x0000000081800000| Untracked 
|  25|0x0000000081900000, 0x0000000081900000, 0x0000000081a00000|  0%| F|  |TAMS 0x0000000081900000| PB 0x0000000081900000| Untracked 
|  26|0x0000000081a00000, 0x0000000081a00000, 0x0000000081b00000|  0%| F|  |TAMS 0x0000000081a00000| PB 0x0000000081a00000| Untracked 
|  27|0x0000000081b00000, 0x0000000081b00000, 0x0000000081c00000|  0%| F|  |TAMS 0x0000000081b00000| PB 0x0000000081b00000| Untracked 
|  28|0x0000000081c00000, 0x0000000081c00000, 0x0000000081d00000|  0%| F|  |TAMS 0x0000000081c00000| PB 0x0000000081c00000| Untracked 
|  29|0x0000000081d00000, 0x0000000081d00000, 0x0000000081e00000|  0%| F|  |TAMS 0x0000000081d00000| PB 0x0000000081d00000| Untracked 
|  30|0x0000000081e00000, 0x0000000081e00000, 0x0000000081f00000|  0%| F|  |TAMS 0x0000000081e00000| PB 0x0000000081e00000| Untracked 
|  31|0x0000000081f00000, 0x0000000081f00000, 0x0000000082000000|  0%| F|  |TAMS 0x0000000081f00000| PB 0x0000000081f00000| Untracked 
|  32|0x0000000082000000, 0x0000000082000000, 0x0000000082100000|  0%| F|  |TAMS 0x0000000082000000| PB 0x0000000082000000| Untracked 
|  33|0x0000000082100000, 0x0000000082100000, 0x0000000082200000|  0%| F|  |TAMS 0x0000000082100000| PB 0x0000000082100000| Untracked 
|  34|0x0000000082200000, 0x0000000082200000, 0x0000000082300000|  0%| F|  |TAMS 0x0000000082200000| PB 0x0000000082200000| Untracked 
|  35|0x0000000082300000, 0x0000000082300000, 0x0000000082400000|  0%| F|  |TAMS 0x0000000082300000| PB 0x0000000082300000| Untracked 
|  36|0x0000000082400000, 0x0000000082400000, 0x0000000082500000|  0%| F|  |TAMS 0x0000000082400000| PB 0x0000000082400000| Untracked 
|  37|0x0000000082500000, 0x0000000082500000, 0x0000000082600000|  0%| F|  |TAMS 0x0000000082500000| PB 0x0000000082500000| Untracked 
|  38|0x0000000082600000, 0x0000000082600000, 0x0000000082700000|  0%| F|  |TAMS 0x0000000082600000| PB 0x0000000082600000| Untracked 
|  39|0x0000000082700000, 0x0000000082700000, 0x0000000082800000|  0%| F|  |TAMS 0x0000000082700000| PB 0x0000000082700000| Untracked 
|  40|0x0000000082800000, 0x0000000082800000, 0x0000000082900000|  0%| F|  |TAMS 0x0000000082800000| PB 0x0000000082800000| Untracked 
|  41|0x0000000082900000, 0x0000000082900000, 0x0000000082a00000|  0%| F|  |TAMS 0x0000000082900000| PB 0x0000000082900000| Untracked 
|  42|0x0000000082a00000, 0x0000000082a00000, 0x0000000082b00000|  0%| F|  |TAMS 0x0000000082a00000| PB 0x0000000082a00000| Untracked 
|  43|0x0000000082b00000, 0x0000000082b00000, 0x0000000082c00000|  0%| F|  |TAMS 0x0000000082b00000| PB 0x0000000082b00000| Untracked 
|  44|0x0000000082c00000, 0x0000000082c00000, 0x0000000082d00000|  0%| F|  |TAMS 0x0000000082c00000| PB 0x0000000082c00000| Untracked 
|  45|0x0000000082d00000, 0x0000000082d00000, 0x0000000082e00000|  0%| F|  |TAMS 0x0000000082d00000| PB 0x0000000082d00000| Untracked 
|  46|0x0000000082e00000, 0x0000000082e00000, 0x0000000082f00000|  0%| F|  |TAMS 0x0000000082e00000| PB 0x0000000082e00000| Untracked 
|  47|0x0000000082f00000, 0x0000000082f00000, 0x0000000083000000|  0%| F|  |TAMS 0x0000000082f00000| PB 0x0000000082f00000| Untracked 
|  48|0x0000000083000000, 0x0000000083100000, 0x0000000083100000|100%| S|CS|TAMS 0x0000000083000000| PB 0x0000000083000000| Complete 
|  49|0x0000000083100000, 0x0000000083200000, 0x0000000083200000|100%| S|CS|TAMS 0x0000000083100000| PB 0x0000000083100000| Complete 
|  50|0x0000000083200000, 0x0000000083300000, 0x0000000083300000|100%| S|CS|TAMS 0x0000000083200000| PB 0x0000000083200000| Complete 
|  51|0x0000000083300000, 0x0000000083400000, 0x0000000083400000|100%| S|CS|TAMS 0x0000000083300000| PB 0x0000000083300000| Complete 
|  52|0x0000000083400000, 0x0000000083500000, 0x0000000083500000|100%| S|CS|TAMS 0x0000000083400000| PB 0x0000000083400000| Complete 
|  53|0x0000000083500000, 0x0000000083600000, 0x0000000083600000|100%| S|CS|TAMS 0x0000000083500000| PB 0x0000000083500000| Complete 
|  54|0x0000000083600000, 0x0000000083700000, 0x0000000083700000|100%| S|CS|TAMS 0x0000000083600000| PB 0x0000000083600000| Complete 
|  55|0x0000000083700000, 0x0000000083700000, 0x0000000083800000|  0%| F|  |TAMS 0x0000000083700000| PB 0x0000000083700000| Untracked 
|  56|0x0000000083800000, 0x0000000083800000, 0x0000000083900000|  0%| F|  |TAMS 0x0000000083800000| PB 0x0000000083800000| Untracked 
|  57|0x0000000083900000, 0x0000000083900000, 0x0000000083a00000|  0%| F|  |TAMS 0x0000000083900000| PB 0x0000000083900000| Untracked 
|  58|0x0000000083a00000, 0x0000000083a00000, 0x0000000083b00000|  0%| F|  |TAMS 0x0000000083a00000| PB 0x0000000083a00000| Untracked 
|  59|0x0000000083b00000, 0x0000000083b00000, 0x0000000083c00000|  0%| F|  |TAMS 0x0000000083b00000| PB 0x0000000083b00000| Untracked 
|  60|0x0000000083c00000, 0x0000000083cb9d28, 0x0000000083d00000| 72%| E|  |TAMS 0x0000000083c00000| PB 0x0000000083c00000| Complete 
|  61|0x0000000083d00000, 0x0000000083e00000, 0x0000000083e00000|100%| E|CS|TAMS 0x0000000083d00000| PB 0x0000000083d00000| Complete 
|  62|0x0000000083e00000, 0x0000000083f00000, 0x0000000083f00000|100%| E|CS|TAMS 0x0000000083e00000| PB 0x0000000083e00000| Complete 
|  63|0x0000000083f00000, 0x0000000084000000, 0x0000000084000000|100%| E|CS|TAMS 0x0000000083f00000| PB 0x0000000083f00000| Complete 
|  64|0x0000000084000000, 0x0000000084100000, 0x0000000084100000|100%| E|CS|TAMS 0x0000000084000000| PB 0x0000000084000000| Complete 
|  65|0x0000000084100000, 0x0000000084200000, 0x0000000084200000|100%| E|CS|TAMS 0x0000000084100000| PB 0x0000000084100000| Complete 
|  66|0x0000000084200000, 0x0000000084300000, 0x0000000084300000|100%| E|  |TAMS 0x0000000084200000| PB 0x0000000084200000| Complete 
|  67|0x0000000084300000, 0x0000000084400000, 0x0000000084400000|100%| E|CS|TAMS 0x0000000084300000| PB 0x0000000084300000| Complete 
|  68|0x0000000084400000, 0x0000000084500000, 0x0000000084500000|100%| E|CS|TAMS 0x0000000084400000| PB 0x0000000084400000| Complete 
|  93|0x0000000085d00000, 0x0000000085e00000, 0x0000000085e00000|100%| E|CS|TAMS 0x0000000085d00000| PB 0x0000000085d00000| Complete 

Card table byte_map: [0x0000026b65f50000,0x0000026b66350000] _byte_map_base: 0x0000026b65b50000

Marking Bits: (CMBitMap*) 0x0000026b516ed250
 Bits: [0x0000026b66350000, 0x0000026b68350000)

Polling page: 0x0000026b51400000

Metaspace:

Usage:
  Non-class:     19.73 MB used.
      Class:      2.69 MB used.
       Both:     22.42 MB used.

Virtual space:
  Non-class space:       64.00 MB reserved,      19.88 MB ( 31%) committed,  1 nodes.
      Class space:        1.00 GB reserved,       2.88 MB ( <1%) committed,  1 nodes.
             Both:        1.06 GB reserved,      22.75 MB (  2%) committed. 

Chunk freelists:
   Non-Class:  11.42 MB
       Class:  13.17 MB
        Both:  24.59 MB

MaxMetaspaceSize: unlimited
CompressedClassSpaceSize: 1.00 GB
Initial GC threshold: 21.00 MB
Current GC threshold: 35.25 MB
CDS: off
 - commit_granule_bytes: 65536.
 - commit_granule_words: 8192.
 - virtual_space_node_default_size: 8388608.
 - enlarge_chunks_in_place: 1.
 - use_allocation_guard: 0.


Internal statistics:

num_allocs_failed_limit: 3.
num_arena_births: 370.
num_arena_deaths: 0.
num_vsnodes_births: 2.
num_vsnodes_deaths: 0.
num_space_committed: 364.
num_space_uncommitted: 0.
num_chunks_returned_to_freelist: 3.
num_chunks_taken_from_freelist: 803.
num_chunk_merges: 3.
num_chunk_splits: 515.
num_chunks_enlarged: 359.
num_inconsistent_stats: 0.

CodeHeap 'non-profiled nmethods': size=120000Kb used=1492Kb max_used=1492Kb free=118507Kb
 bounds [0x0000026b5d9a0000, 0x0000026b5dc10000, 0x0000026b64ed0000]
CodeHeap 'profiled nmethods': size=120000Kb used=5528Kb max_used=5528Kb free=114471Kb
 bounds [0x0000026b55ed0000, 0x0000026b56440000, 0x0000026b5d400000]
CodeHeap 'non-nmethods': size=5760Kb used=1360Kb max_used=1377Kb free=4399Kb
 bounds [0x0000026b5d400000, 0x0000026b5d670000, 0x0000026b5d9a0000]
CodeCache: size=245760Kb, used=8380Kb, max_used=8397Kb, free=237377Kb
 total_blobs=3334, nmethods=2794, adapters=444, full_count=0
Compilation: enabled, stopped_count=0, restarted_count=0

Compilation events (20 events):
Event: 19.315 Thread 0x0000026b6b218050 nmethod 2777 0x0000026b5642c290 code [0x0000026b5642c440, 0x0000026b5642c590]
Event: 19.315 Thread 0x0000026b6b218050 2781   !   3       java.lang.Thread::afterSleep (13 bytes)
Event: 19.315 Thread 0x0000026b6b218050 nmethod 2781 0x0000026b5642c610 code [0x0000026b5642c7c0, 0x0000026b5642c990]
Event: 19.315 Thread 0x0000026b6b218050 2779   !   3       java.util.concurrent.locks.LockSupport::parkNanos (56 bytes)
Event: 19.315 Thread 0x0000026b6b218050 nmethod 2779 0x0000026b5642ca90 code [0x0000026b5642cca0, 0x0000026b5642d0d0]
Event: 19.315 Thread 0x0000026b6b218050 2778       1       java.util.stream.ReferencePipeline$StatelessOp::opIsStateful (2 bytes)
Event: 19.315 Thread 0x0000026b6b218050 nmethod 2778 0x0000026b5db10f10 code [0x0000026b5db110a0, 0x0000026b5db11168]
Event: 19.316 Thread 0x0000026b6b62a720 nmethod 2727 0x0000026b5db11210 code [0x0000026b5db11400, 0x0000026b5db11aa8]
Event: 19.316 Thread 0x0000026b6b62a720 2746       4       java.util.concurrent.locks.ReentrantLock::unlock (10 bytes)
Event: 19.317 Thread 0x0000026b6b62a720 nmethod 2746 0x0000026b5db11d10 code [0x0000026b5db11ec0, 0x0000026b5db12098]
Event: 19.317 Thread 0x0000026b6b62a720 2747       4       java.lang.Class::getName (18 bytes)
Event: 19.317 Thread 0x0000026b6b62a720 nmethod 2747 0x0000026b5db12290 code [0x0000026b5db12420, 0x0000026b5db124e0]
Event: 19.317 Thread 0x0000026b6b62a720 2728   !   4       java.io.RandomAccessFile::seek (62 bytes)
Event: 20.327 Thread 0x0000026b6b218050 2783   !   3       org.gradle.launcher.daemon.server.exec.DaemonConnectionBackedEventConsumer$ForwardEvents::getNextEvent (27 bytes)
Event: 20.328 Thread 0x0000026b6b218050 nmethod 2783 0x0000026b5642d290 code [0x0000026b5642d440, 0x0000026b5642d6b0]
Event: 20.329 Thread 0x0000026b6b218050 2784       3       javax.management.ObjectName::construct (1135 bytes)
Event: 23.363 Thread 0x0000026b6b62a720 nmethod 2728 0x0000026b5db12590 code [0x0000026b5db12800, 0x0000026b5db13408]
Event: 23.363 Thread 0x0000026b6b62a720 2721       4       jdk.internal.org.objectweb.asm.ByteVector::put12 (64 bytes)
Event: 23.364 Thread 0x0000026b6b62a720 nmethod 2721 0x0000026b5db13d90 code [0x0000026b5db13f40, 0x0000026b5db14130]
Event: 23.364 Thread 0x0000026b6b62a720 2787       4       java.lang.String::toCharArray (25 bytes)

GC Heap History (10 events):
Event: 1.257 GC heap before
{Heap before GC invocations=0 (full 0):
 garbage-first heap   total 96256K, used 23552K [0x0000000080000000, 0x0000000100000000)
  region size 1024K, 23 young (23552K), 0 survivors (0K)
 Metaspace       used 7878K, committed 8064K, reserved 1114112K
  class space    used 737K, committed 832K, reserved 1048576K
}
Event: 1.263 GC heap after
{Heap after GC invocations=1 (full 0):
 garbage-first heap   total 96256K, used 1344K [0x0000000080000000, 0x0000000100000000)
  region size 1024K, 2 young (2048K), 2 survivors (2048K)
 Metaspace       used 7878K, committed 8064K, reserved 1114112K
  class space    used 737K, committed 832K, reserved 1048576K
}
Event: 3.206 GC heap before
{Heap before GC invocations=1 (full 0):
 garbage-first heap   total 96256K, used 41280K [0x0000000080000000, 0x0000000100000000)
  region size 1024K, 38 young (38912K), 2 survivors (2048K)
 Metaspace       used 11889K, committed 12096K, reserved 1114112K
  class space    used 1284K, committed 1344K, reserved 1048576K
}
Event: 3.217 GC heap after
{Heap after GC invocations=2 (full 0):
 garbage-first heap   total 96256K, used 11457K [0x0000000080000000, 0x0000000100000000)
  region size 1024K, 5 young (5120K), 5 survivors (5120K)
 Metaspace       used 11889K, committed 12096K, reserved 1114112K
  class space    used 1284K, committed 1344K, reserved 1048576K
}
Event: 4.078 GC heap before
{Heap before GC invocations=2 (full 0):
 garbage-first heap   total 96256K, used 63681K [0x0000000080000000, 0x0000000100000000)
  region size 1024K, 56 young (57344K), 5 survivors (5120K)
 Metaspace       used 12818K, committed 12992K, reserved 1114112K
  class space    used 1403K, committed 1472K, reserved 1048576K
}
Event: 4.088 GC heap after
{Heap after GC invocations=3 (full 0):
 garbage-first heap   total 96256K, used 11928K [0x0000000080000000, 0x0000000100000000)
  region size 1024K, 1 young (1024K), 1 survivors (1024K)
 Metaspace       used 12818K, committed 12992K, reserved 1114112K
  class space    used 1403K, committed 1472K, reserved 1048576K
}
Event: 5.841 GC heap before
{Heap before GC invocations=3 (full 0):
 garbage-first heap   total 96256K, used 70296K [0x0000000080000000, 0x0000000100000000)
  region size 1024K, 56 young (57344K), 1 survivors (1024K)
 Metaspace       used 12940K, committed 13120K, reserved 1114112K
  class space    used 1403K, committed 1472K, reserved 1048576K
}
Event: 5.848 GC heap after
{Heap after GC invocations=4 (full 0):
 garbage-first heap   total 96256K, used 15914K [0x0000000080000000, 0x0000000100000000)
  region size 1024K, 4 young (4096K), 4 survivors (4096K)
 Metaspace       used 12940K, committed 13120K, reserved 1114112K
  class space    used 1403K, committed 1472K, reserved 1048576K
}
Event: 7.898 GC heap before
{Heap before GC invocations=4 (full 0):
 garbage-first heap   total 96256K, used 54826K [0x0000000080000000, 0x0000000100000000)
  region size 1024K, 43 young (44032K), 4 survivors (4096K)
 Metaspace       used 21228K, committed 21504K, reserved 1114112K
  class space    used 2480K, committed 2624K, reserved 1048576K
}
Event: 7.903 GC heap after
{Heap after GC invocations=5 (full 0):
 garbage-first heap   total 96256K, used 20588K [0x0000000080000000, 0x0000000100000000)
  region size 1024K, 7 young (7168K), 7 survivors (7168K)
 Metaspace       used 21228K, committed 21504K, reserved 1114112K
  class space    used 2480K, committed 2624K, reserved 1048576K
}

Dll operation events (3 events):
Event: 0.024 Loaded shared library C:\Program Files\Android\Android Studio\jbr\bin\java.dll
Event: 0.035 Loaded shared library C:\Program Files\Android\Android Studio\jbr\bin\zip.dll
Event: 2.316 Loaded shared library C:\Program Files\Android\Android Studio\jbr\bin\verify.dll

Deoptimization events (20 events):
Event: 7.799 Thread 0x0000026b704bbb40 Uncommon trap: trap_request=0xffffffc6 fr.pc=0x0000026b5da650bc relative=0x000000000000017c
Event: 7.799 Thread 0x0000026b704bbb40 Uncommon trap: reason=bimorphic_or_optimized_type_check action=maybe_recompile pc=0x0000026b5da650bc method=java.util.AbstractList$Itr.next()Ljava/lang/Object; @ 14 c2
Event: 7.799 Thread 0x0000026b704bbb40 DEOPT PACKING pc=0x0000026b5da650bc sp=0x000000fc478fdf60
Event: 7.799 Thread 0x0000026b704bbb40 DEOPT UNPACKING pc=0x0000026b5d4543a2 sp=0x000000fc478fdef8 mode 2
Event: 7.830 Thread 0x0000026b70831d70 Uncommon trap: trap_request=0xffffff45 fr.pc=0x0000026b5dad87d8 relative=0x0000000000001bf8
Event: 7.830 Thread 0x0000026b70831d70 Uncommon trap: reason=unstable_if action=reinterpret pc=0x0000026b5dad87d8 method=sun.nio.ch.Util$BufferCache.get(I)Ljava/nio/ByteBuffer; @ 25 c2
Event: 7.830 Thread 0x0000026b70831d70 DEOPT PACKING pc=0x0000026b5dad87d8 sp=0x000000fc47afd8d0
Event: 7.830 Thread 0x0000026b70831d70 DEOPT UNPACKING pc=0x0000026b5d4543a2 sp=0x000000fc47afd5f8 mode 2
Event: 7.838 Thread 0x0000026b7073ebb0 Uncommon trap: trap_request=0xffffff45 fr.pc=0x0000026b5dae0fe8 relative=0x0000000000001668
Event: 7.838 Thread 0x0000026b7073ebb0 Uncommon trap: reason=unstable_if action=reinterpret pc=0x0000026b5dae0fe8 method=sun.nio.ch.Util$BufferCache.get(I)Ljava/nio/ByteBuffer; @ 25 c2
Event: 7.838 Thread 0x0000026b7073ebb0 DEOPT PACKING pc=0x0000026b5dae0fe8 sp=0x000000fc47bfca00
Event: 7.838 Thread 0x0000026b7073ebb0 DEOPT UNPACKING pc=0x0000026b5d4543a2 sp=0x000000fc47bfc7a8 mode 2
Event: 7.839 Thread 0x0000026b7073ebb0 Uncommon trap: trap_request=0xffffff45 fr.pc=0x0000026b5da36540 relative=0x0000000000000260
Event: 7.839 Thread 0x0000026b7073ebb0 Uncommon trap: reason=unstable_if action=reinterpret pc=0x0000026b5da36540 method=java.lang.ThreadLocal$ThreadLocalMap.getEntry(Ljava/lang/ThreadLocal;)Ljava/lang/ThreadLocal$ThreadLocalMap$Entry; @ 29 c2
Event: 7.839 Thread 0x0000026b7073ebb0 DEOPT PACKING pc=0x0000026b5da36540 sp=0x000000fc47bfd8b0
Event: 7.839 Thread 0x0000026b7073ebb0 DEOPT UNPACKING pc=0x0000026b5d4543a2 sp=0x000000fc47bfd640 mode 2
Event: 7.909 Thread 0x0000026b70e820c0 Uncommon trap: trap_request=0xffffff45 fr.pc=0x0000026b5da32740 relative=0x0000000000000280
Event: 7.909 Thread 0x0000026b70e820c0 Uncommon trap: reason=unstable_if action=reinterpret pc=0x0000026b5da32740 method=jdk.internal.misc.Unsafe.copyMemory(Ljava/lang/Object;JLjava/lang/Object;JJ)V @ 16 c2
Event: 7.909 Thread 0x0000026b70e820c0 DEOPT PACKING pc=0x0000026b5da32740 sp=0x000000fc484febf0
Event: 7.909 Thread 0x0000026b70e820c0 DEOPT UNPACKING pc=0x0000026b5d4543a2 sp=0x000000fc484fec00 mode 2

Classes loaded (20 events):
Event: 7.949 Loading class java/util/concurrent/LinkedBlockingDeque$Node
Event: 7.949 Loading class java/util/concurrent/LinkedBlockingDeque$Node done
Event: 7.965 Loading class sun/reflect/generics/tree/VoidDescriptor
Event: 7.966 Loading class sun/reflect/generics/tree/VoidDescriptor done
Event: 8.051 Loading class java/util/stream/ForEachOps
Event: 8.051 Loading class java/util/stream/ForEachOps done
Event: 8.051 Loading class java/util/stream/ForEachOps$ForEachOp$OfRef
Event: 8.051 Loading class java/util/stream/ForEachOps$ForEachOp
Event: 8.051 Loading class java/util/stream/ForEachOps$ForEachOp done
Event: 8.051 Loading class java/util/stream/ForEachOps$ForEachOp$OfRef done
Event: 9.155 Loading class java/util/function/BiPredicate
Event: 9.155 Loading class java/util/function/BiPredicate done
Event: 9.166 Loading class java/util/concurrent/atomic/AtomicReferenceArray
Event: 9.167 Loading class java/util/concurrent/atomic/AtomicReferenceArray done
Event: 9.167 Loading class java/lang/invoke/VarHandleReferences$Array
Event: 9.167 Loading class java/lang/invoke/VarHandleReferences$Array done
Event: 19.313 Loading class java/util/concurrent/LinkedBlockingDeque$Itr
Event: 20.327 Loading class java/util/concurrent/LinkedBlockingDeque$AbstractItr
Event: 20.328 Loading class java/util/concurrent/LinkedBlockingDeque$AbstractItr done
Event: 20.328 Loading class java/util/concurrent/LinkedBlockingDeque$Itr done

Classes unloaded (0 events):
No events

Classes redefined (0 events):
No events

Internal exceptions (20 events):
Event: 6.953 Thread 0x0000026b51692b60 Exception <a 'java/lang/NoSuchMethodError'{0x00000000847025c8}: 'java.lang.Object java.lang.invoke.DelegatingMethodHandle$Holder.reinvoke_L(java.lang.Object, java.lang.Object, java.lang.Object, java.lang.Object, java.lang.Object, java.lang.Object, java.lang.Object, java.lang.Object, java.lang.Object, java.lang.Object, java.lang.Object, java.lang.Object, java.lang.Object, java.lang.Object)'> (0x00000000847025c8) 
thrown [s\src\hotspot\share\interpreter\linkResolver.cpp, line 784]
Event: 6.963 Thread 0x0000026b51692b60 Exception <a 'java/lang/NoSuchMethodError'{0x000000008474f240}: 'java.lang.Object java.lang.invoke.DirectMethodHandle$Holder.invokeStatic(java.lang.Object, java.lang.Object, java.lang.Object, java.lang.Object, java.lang.Object, java.lang.Object, java.lang.Object, java.lang.Object, java.lang.Object, java.lang.Object, java.lang.Object, java.lang.Object, java.lang.Object)'> (0x000000008474f240) 
thrown [s\src\hotspot\share\interpreter\linkResolver.cpp, line 784]
Event: 6.966 Thread 0x0000026b51692b60 Exception <a 'java/lang/NoSuchMethodError'{0x000000008476e940}: 'java.lang.Object java.lang.invoke.DirectMethodHandle$Holder.invokeStatic(java.lang.Object, java.lang.Object, java.lang.Object, java.lang.Object, java.lang.Object, java.lang.Object, java.lang.Object, java.lang.Object, java.lang.Object, java.lang.Object, java.lang.Object, java.lang.Object, java.lang.Object, java.lang.Object)'> (0x000000008476e940) 
thrown [s\src\hotspot\share\interpreter\linkResolver.cpp, line 784]
Event: 6.969 Thread 0x0000026b51692b60 Exception <a 'java/lang/NoSuchMethodError'{0x000000008478f118}: 'java.lang.Object java.lang.invoke.DirectMethodHandle$Holder.invokeStatic(java.lang.Object, java.lang.Object, java.lang.Object, java.lang.Object, java.lang.Object, java.lang.Object, java.lang.Object, java.lang.Object, java.lang.Object, java.lang.Object, java.lang.Object, java.lang.Object, java.lang.Object, java.lang.Object, java.lang.Object)'> (0x000000008478f118) 
thrown [s\src\hotspot\share\interpreter\linkResolver.cpp, line 784]
Event: 6.972 Thread 0x0000026b51692b60 Exception <a 'java/lang/NoSuchMethodError'{0x00000000847b1ce8}: 'java.lang.Object java.lang.invoke.DirectMethodHandle$Holder.invokeStatic(java.lang.Object, java.lang.Object, java.lang.Object, java.lang.Object, java.lang.Object, java.lang.Object, java.lang.Object, java.lang.Object, java.lang.Object, java.lang.Object, java.lang.Object, java.lang.Object, java.lang.Object, java.lang.Object, java.lang.Object, java.lang.Object)'> (0x00000000847b1ce8) 
thrown [s\src\hotspot\share\interpreter\linkResolver.cpp, lin
Event: 7.257 Thread 0x0000026b51692b60 Exception <a 'java/lang/NoSuchMethodError'{0x00000000843d38a0}: 'java.lang.Object java.lang.invoke.DirectMethodHandle$Holder.invokeVirtual(java.lang.Object, java.lang.Object, java.lang.Object, java.lang.Object, java.lang.Object, java.lang.Object, java.lang.Object)'> (0x00000000843d38a0) 
thrown [s\src\hotspot\share\interpreter\linkResolver.cpp, line 784]
Event: 7.283 Thread 0x0000026b51692b60 Exception <a 'java/lang/NoSuchMethodError'{0x0000000084266e68}: 'java.lang.Object java.lang.invoke.DirectMethodHandle$Holder.invokeVirtual(java.lang.Object, java.lang.Object, java.lang.Object, java.lang.Object, java.lang.Object, java.lang.Object, java.lang.Object, java.lang.Object, java.lang.Object)'> (0x0000000084266e68) 
thrown [s\src\hotspot\share\interpreter\linkResolver.cpp, line 784]
Event: 7.539 Thread 0x0000026b51692b60 Exception <a 'java/lang/NoSuchMethodError'{0x0000000084083148}: 'java.lang.Object java.lang.invoke.DirectMethodHandle$Holder.invokeStaticInit(java.lang.Object, java.lang.Object, int, int, int, int)'> (0x0000000084083148) 
thrown [s\src\hotspot\share\interpreter\linkResolver.cpp, line 784]
Event: 7.647 Thread 0x0000026b51692b60 Exception <a 'sun/nio/fs/WindowsException'{0x0000000083ed7570}> (0x0000000083ed7570) 
thrown [s\src\hotspot\share\prims\jni.cpp, line 537]
Event: 7.700 Thread 0x0000026b51692b60 Exception <a 'java/io/IOException'{0x0000000083d75a90}> (0x0000000083d75a90) 
thrown [s\src\hotspot\share\prims\jni.cpp, line 537]
Event: 7.716 Thread 0x0000026b51692b60 Exception <a 'sun/nio/fs/WindowsException'{0x0000000083db8488}> (0x0000000083db8488) 
thrown [s\src\hotspot\share\prims\jni.cpp, line 537]
Event: 7.716 Thread 0x0000026b51692b60 Implicit null exception at 0x0000026b5d9faaa4 to 0x0000026b5d9fb0f8
Event: 7.727 Thread 0x0000026b51692b60 Exception <a 'java/lang/NoSuchMethodError'{0x0000000083de9cf8}: 'java.lang.Object java.lang.invoke.DirectMethodHandle$Holder.newInvokeSpecial(java.lang.Object, java.lang.Object, java.lang.Object, java.lang.Object, java.lang.Object)'> (0x0000000083de9cf8) 
thrown [s\src\hotspot\share\interpreter\linkResolver.cpp, line 784]
Event: 7.729 Thread 0x0000026b704bbb40 Implicit null exception at 0x0000026b5da35ad0 to 0x0000026b5da35cd8
Event: 7.729 Thread 0x0000026b704bbb40 Implicit null exception at 0x0000026b5da5b676 to 0x0000026b5da5b8cc
Event: 7.888 Thread 0x0000026b70831d70 Exception <a 'sun/nio/fs/WindowsException'{0x0000000083712b70}> (0x0000000083712b70) 
thrown [s\src\hotspot\share\prims\jni.cpp, line 537]
Event: 7.897 Thread 0x0000026b70831d70 Exception <a 'java/lang/NoSuchMethodError'{0x0000000083724310}: 'void java.lang.invoke.DirectMethodHandle$Holder.invokeSpecial(java.lang.Object, java.lang.Object, java.lang.Object)'> (0x0000000083724310) 
thrown [s\src\hotspot\share\interpreter\linkResolver.cpp, line 784]
Event: 8.044 Thread 0x0000026b70e820c0 Exception <a 'java/lang/NoSuchMethodError'{0x00000000842fc388}: 'long java.lang.invoke.DirectMethodHandle$Holder.invokeInterface(java.lang.Object, java.lang.Object)'> (0x00000000842fc388) 
thrown [s\src\hotspot\share\interpreter\linkResolver.cpp, line 784]
Event: 12.246 Thread 0x0000026b70e820c0 Exception <a 'java/lang/NoSuchMethodError'{0x0000000083d61700}: 'java.lang.Object java.lang.invoke.DirectMethodHandle$Holder.invokeVirtual(java.lang.Object, java.lang.Object, java.lang.Object, java.lang.Object, java.lang.Object, java.lang.Object, java.lang.Object, java.lang.Object, java.lang.Object, java.lang.Object, java.lang.Object, java.lang.Object)'> (0x0000000083d61700) 
thrown [s\src\hotspot\share\interpreter\linkResolver.cpp, line 784]
Event: 12.246 Thread 0x0000026b70e820c0 Exception <a 'java/lang/NoSuchMethodError'{0x0000000083d66b68}: 'java.lang.Object java.lang.invoke.DirectMethodHandle$Holder.invokeSpecial(java.lang.Object, java.lang.Object, java.lang.Object, java.lang.Object, java.lang.Object, java.lang.Object, java.lang.Object, java.lang.Object, java.lang.Object, java.lang.Object, java.lang.Object, java.lang.Object, java.lang.Object)'> (0x0000000083d66b68) 
thrown [s\src\hotspot\share\interpreter\linkResolver.cpp, line 784]

ZGC Phase Switch (0 events):
No events

VM Operations (20 events):
Event: 7.774 Executing VM operation: HandshakeAllThreads (Deoptimize)
Event: 7.774 Executing VM operation: HandshakeAllThreads (Deoptimize) done
Event: 7.898 Executing VM operation: CollectForMetadataAllocation (Metadata GC Threshold)
Event: 7.904 Executing VM operation: CollectForMetadataAllocation (Metadata GC Threshold) done
Event: 7.909 Executing VM operation: G1PauseRemark
Event: 7.912 Executing VM operation: G1PauseRemark done
Event: 7.915 Executing VM operation: G1PauseCleanup
Event: 7.916 Executing VM operation: G1PauseCleanup done
Event: 8.924 Executing VM operation: Cleanup
Event: 9.144 Executing VM operation: Cleanup done
Event: 10.146 Executing VM operation: Cleanup
Event: 10.208 Executing VM operation: Cleanup done
Event: 11.223 Executing VM operation: Cleanup
Event: 11.223 Executing VM operation: Cleanup done
Event: 12.237 Executing VM operation: Cleanup
Event: 12.237 Executing VM operation: Cleanup done
Event: 16.285 Executing VM operation: Cleanup
Event: 17.181 Executing VM operation: Cleanup done
Event: 21.233 Executing VM operation: Cleanup
Event: 23.362 Executing VM operation: Cleanup done

Memory protections (0 events):
No events

Nmethod flushes (0 events):
No events

Events (20 events):
Event: 0.448 Loaded shared library C:\Program Files\Android\Android Studio\jbr\bin\instrument.dll
Event: 0.472 Loaded shared library C:\Program Files\Android\Android Studio\jbr\bin\zip.dll
Event: 0.523 Thread 0x0000026b51692b60 Thread added: 0x0000026b6b549cd0
Event: 1.553 Loaded shared library C:\Program Files\Android\Android Studio\jbr\bin\jimage.dll
Event: 2.443 Loaded shared library C:\Users\maksi\.gradle\native\660c5614fbf4a5f2a75b1949f50a0caf5cd603558e7d8a26e50b933a0cfb79d1\windows-amd64\native-platform.dll
Event: 2.516 Loaded shared library C:\Users\maksi\.gradle\native\0.2.8\x86_64-windows-gnu\gradle-fileevents.dll
Event: 6.870 Loaded shared library C:\Program Files\Android\Android Studio\jbr\bin\management.dll
Event: 6.879 Loaded shared library C:\Program Files\Android\Android Studio\jbr\bin\management_ext.dll
Event: 6.943 Thread 0x0000026b51692b60 Thread added: 0x0000026b705328f0
Event: 7.199 Loaded shared library C:\Program Files\Android\Android Studio\jbr\bin\extnet.dll
Event: 7.578 Thread 0x0000026b51692b60 Thread added: 0x0000026b704bbb40
Event: 7.739 Thread 0x0000026b51692b60 Thread added: 0x0000026b70c258b0
Event: 7.829 Thread 0x0000026b704bbb40 Thread added: 0x0000026b70831d70
Event: 7.836 Thread 0x0000026b70831d70 Thread added: 0x0000026b7073ebb0
Event: 7.882 Thread 0x0000026b70831d70 Thread added: 0x0000026b70e80680
Event: 7.906 Thread 0x0000026b70831d70 Thread added: 0x0000026b70e820c0
Event: 7.930 Thread 0x0000026b70e820c0 Thread added: 0x0000026b70e80d10
Event: 7.937 Thread 0x0000026b70e820c0 Thread added: 0x0000026b70e813a0
Event: 7.951 Thread 0x0000026b70e820c0 Thread added: 0x0000026b70e81a30
Event: 14.258 Thread 0x0000026b6b218050 Thread added: 0x0000026b6b62a720


Dynamic libraries:
0x00007ff733b90000 - 0x00007ff733b9a000 	C:\Program Files\Android\Android Studio\jbr\bin\java.exe
0x00007ffaf1460000 - 0x00007ffaf16c7000 	C:\WINDOWS\SYSTEM32\ntdll.dll
0x00007ffaf08a0000 - 0x00007ffaf0969000 	C:\WINDOWS\System32\KERNEL32.DLL
0x00007ffaeed40000 - 0x00007ffaef131000 	C:\WINDOWS\System32\KERNELBASE.dll
0x00007ffaeddd0000 - 0x00007ffaedf1b000 	C:\WINDOWS\System32\ucrtbase.dll
0x00007ffae8f40000 - 0x00007ffae8f5b000 	C:\Program Files\Android\Android Studio\jbr\bin\VCRUNTIME140.dll
0x00007ffabbc80000 - 0x00007ffabbc98000 	C:\Program Files\Android\Android Studio\jbr\bin\jli.dll
0x00007ffaf0d40000 - 0x00007ffaf0f05000 	C:\WINDOWS\System32\USER32.dll
0x00007ffaee900000 - 0x00007ffaee927000 	C:\WINDOWS\System32\win32u.dll
0x00007ffaef210000 - 0x00007ffaef23b000 	C:\WINDOWS\System32\GDI32.dll
0x00007ffaeec10000 - 0x00007ffaeed3b000 	C:\WINDOWS\System32\gdi32full.dll
0x00007ffaeeb60000 - 0x00007ffaeec03000 	C:\WINDOWS\System32\msvcp_win.dll
0x00007ffada6b0000 - 0x00007ffada943000 	C:\WINDOWS\WinSxS\amd64_microsoft.windows.common-controls_6595b64144ccf1df_6.0.26100.8037_none_3e092faae333b53b\COMCTL32.dll
0x00007ffaef250000 - 0x00007ffaef2f9000 	C:\WINDOWS\System32\msvcrt.dll
0x00007ffaf0d00000 - 0x00007ffaf0d31000 	C:\WINDOWS\System32\IMM32.DLL
0x00007ffae86f0000 - 0x00007ffae86fc000 	C:\Program Files\Android\Android Studio\jbr\bin\vcruntime140_1.dll
0x00007ffab4c50000 - 0x00007ffab4cdd000 	C:\Program Files\Android\Android Studio\jbr\bin\msvcp140.dll
0x00007ffa36310000 - 0x00007ffa36fa6000 	C:\Program Files\Android\Android Studio\jbr\bin\server\jvm.dll
0x00007ffaf0fe0000 - 0x00007ffaf109b000 	C:\WINDOWS\System32\ADVAPI32.dll
0x00007ffaf06f0000 - 0x00007ffaf0797000 	C:\WINDOWS\System32\sechost.dll
0x00007ffaef380000 - 0x00007ffaef498000 	C:\WINDOWS\System32\RPCRT4.dll
0x00007ffaef700000 - 0x00007ffaef774000 	C:\WINDOWS\System32\WS2_32.dll
0x00007ffaedba0000 - 0x00007ffaedbfe000 	C:\WINDOWS\SYSTEM32\POWRPROF.dll
0x00007ffae6e30000 - 0x00007ffae6e3b000 	C:\WINDOWS\SYSTEM32\VERSION.dll
0x00007ffae6df0000 - 0x00007ffae6e25000 	C:\WINDOWS\SYSTEM32\WINMM.dll
0x00007ffaedb80000 - 0x00007ffaedb94000 	C:\WINDOWS\SYSTEM32\UMPDC.dll
0x00007ffaecad0000 - 0x00007ffaecaeb000 	C:\WINDOWS\SYSTEM32\kernel.appcore.dll
0x00007ffadfd10000 - 0x00007ffadfd1a000 	C:\Program Files\Android\Android Studio\jbr\bin\jimage.dll
0x00007ffaebf00000 - 0x00007ffaec142000 	C:\WINDOWS\SYSTEM32\DBGHELP.DLL
0x00007ffaf0970000 - 0x00007ffaf0cf2000 	C:\WINDOWS\System32\combase.dll
0x00007ffaef780000 - 0x00007ffaef857000 	C:\WINDOWS\System32\OLEAUT32.dll
0x00007ffad9e20000 - 0x00007ffad9e5b000 	C:\WINDOWS\SYSTEM32\dbgcore.DLL
0x00007ffaeeab0000 - 0x00007ffaeeb55000 	C:\WINDOWS\System32\bcryptPrimitives.dll
0x00007ffac8500000 - 0x00007ffac850e000 	C:\Program Files\Android\Android Studio\jbr\bin\instrument.dll
0x00007ffadd970000 - 0x00007ffadd990000 	C:\Program Files\Android\Android Studio\jbr\bin\java.dll
0x00007ffadd930000 - 0x00007ffadd948000 	C:\Program Files\Android\Android Studio\jbr\bin\zip.dll
0x00007ffaeff80000 - 0x00007ffaf06df000 	C:\WINDOWS\System32\SHELL32.dll
0x00007ffaee790000 - 0x00007ffaee8fa000 	C:\WINDOWS\System32\wintypes.dll
0x00007ffaedf20000 - 0x00007ffaee784000 	C:\WINDOWS\System32\windows.storage.dll
0x00007ffaf1130000 - 0x00007ffaf1227000 	C:\WINDOWS\System32\SHCORE.dll
0x00007ffaf07a0000 - 0x00007ffaf0807000 	C:\WINDOWS\System32\shlwapi.dll
0x00007ffaedc60000 - 0x00007ffaedc89000 	C:\WINDOWS\SYSTEM32\profapi.dll
0x00007ffadd9a0000 - 0x00007ffadd9b0000 	C:\Program Files\Android\Android Studio\jbr\bin\net.dll
0x00007ffae4be0000 - 0x00007ffae4d07000 	C:\WINDOWS\SYSTEM32\WINHTTP.dll
0x00007ffaed040000 - 0x00007ffaed0ab000 	C:\WINDOWS\system32\mswsock.dll
0x00007ffadd910000 - 0x00007ffadd926000 	C:\Program Files\Android\Android Studio\jbr\bin\nio.dll
0x00007ffacb7b0000 - 0x00007ffacb7c0000 	C:\Program Files\Android\Android Studio\jbr\bin\verify.dll
0x00007ffabe930000 - 0x00007ffabe957000 	C:\Users\maksi\.gradle\native\660c5614fbf4a5f2a75b1949f50a0caf5cd603558e7d8a26e50b933a0cfb79d1\windows-amd64\native-platform.dll
0x00007ffa930e0000 - 0x00007ffa93157000 	C:\Users\maksi\.gradle\native\0.2.8\x86_64-windows-gnu\gradle-fileevents.dll
0x00007ffad14c0000 - 0x00007ffad14c9000 	C:\Program Files\Android\Android Studio\jbr\bin\management.dll
0x00007ffacce90000 - 0x00007ffacce9b000 	C:\Program Files\Android\Android Studio\jbr\bin\management_ext.dll
0x00007ffaf0810000 - 0x00007ffaf0818000 	C:\WINDOWS\System32\PSAPI.DLL
0x00007ffaec4a0000 - 0x00007ffaec4d3000 	C:\WINDOWS\SYSTEM32\IPHLPAPI.DLL
0x00007ffaef240000 - 0x00007ffaef24a000 	C:\WINDOWS\System32\NSI.dll
0x00007ffad2630000 - 0x00007ffad2639000 	C:\Program Files\Android\Android Studio\jbr\bin\extnet.dll
0x00007ffaed320000 - 0x00007ffaed33b000 	C:\WINDOWS\SYSTEM32\CRYPTSP.dll
0x00007ffaeca30000 - 0x00007ffaeca69000 	C:\WINDOWS\system32\rsaenh.dll
0x00007ffaed0f0000 - 0x00007ffaed122000 	C:\WINDOWS\SYSTEM32\USERENV.dll
0x00007ffaedc30000 - 0x00007ffaedc5a000 	C:\WINDOWS\SYSTEM32\bcrypt.dll
0x00007ffaed340000 - 0x00007ffaed34c000 	C:\WINDOWS\SYSTEM32\CRYPTBASE.dll
0x00007ffac87a0000 - 0x00007ffac87a8000 	C:\WINDOWS\system32\wshunix.dll

JVMTI agents:
C:\Users\maksi\.gradle\wrapper\dists\gradle-9.2.1-bin\2t0n5ozlw9xmuyvbp7dnzaxug\gradle-9.2.1\lib\agents\gradle-instrumentation-agent-9.2.1.jar path:C:\Program Files\Android\Android Studio\jbr\bin\instrument.dll, loaded, initialized, instrumentlib options:none

dbghelp: loaded successfully - version: 4.0.5 - missing functions: none
symbol engine: initialized successfully - sym options: 0x614 - pdb path: .;C:\Program Files\Android\Android Studio\jbr\bin;C:\WINDOWS\SYSTEM32;C:\WINDOWS\WinSxS\amd64_microsoft.windows.common-controls_6595b64144ccf1df_6.0.26100.8037_none_3e092faae333b53b;C:\Program Files\Android\Android Studio\jbr\bin\server;C:\Users\maksi\.gradle\native\660c5614fbf4a5f2a75b1949f50a0caf5cd603558e7d8a26e50b933a0cfb79d1\windows-amd64;C:\Users\maksi\.gradle\native\0.2.8\x86_64-windows-gnu

VM Arguments:
jvm_args: --add-opens=java.base/java.lang=ALL-UNNAMED --add-opens=java.base/java.lang.invoke=ALL-UNNAMED --add-opens=java.base/java.util=ALL-UNNAMED --add-opens=java.prefs/java.util.prefs=ALL-UNNAMED --add-exports=jdk.compiler/com.sun.tools.javac.api=ALL-UNNAMED --add-exports=jdk.compiler/com.sun.tools.javac.util=ALL-UNNAMED --add-opens=java.base/java.util=ALL-UNNAMED --add-opens=java.prefs/java.util.prefs=ALL-UNNAMED --add-opens=java.base/java.nio.charset=ALL-UNNAMED --add-opens=java.base/java.net=ALL-UNNAMED --add-opens=java.base/java.util.concurrent=ALL-UNNAMED --add-opens=java.base/java.util.concurrent.atomic=ALL-UNNAMED --add-opens=java.xml/javax.xml.namespace=ALL-UNNAMED --add-opens=java.base/java.time=ALL-UNNAMED -Xmx2048m -Dfile.encoding=UTF-8 -Duser.country=RU -Duser.language=ru -Duser.variant -javaagent:C:\Users\maksi\.gradle\wrapper\dists\gradle-9.2.1-bin\2t0n5ozlw9xmuyvbp7dnzaxug\gradle-9.2.1\lib\agents\gradle-instrumentation-agent-9.2.1.jar 
java_command: org.gradle.launcher.daemon.bootstrap.GradleDaemon 9.2.1
java_class_path (initial): C:\Users\maksi\.gradle\wrapper\dists\gradle-9.2.1-bin\2t0n5ozlw9xmuyvbp7dnzaxug\gradle-9.2.1\lib\gradle-daemon-main-9.2.1.jar
Launcher Type: SUN_STANDARD

[Global flags]
     intx CICompilerCount                          = 4                                         {product} {ergonomic}
     uint ConcGCThreads                            = 3                                         {product} {ergonomic}
     uint G1ConcRefinementThreads                  = 10                                        {product} {ergonomic}
   size_t G1HeapRegionSize                         = 1048576                                   {product} {ergonomic}
    uintx GCDrainStackTargetSize                   = 64                                        {product} {ergonomic}
   size_t InitialHeapSize                          = 98566144                                  {product} {ergonomic}
   size_t MarkStackSize                            = 4194304                                   {product} {ergonomic}
   size_t MaxHeapSize                              = 2147483648                                {product} {command line}
   size_t MaxNewSize                               = 1287651328                                {product} {ergonomic}
   size_t MinHeapDeltaBytes                        = 1048576                                   {product} {ergonomic}
   size_t MinHeapSize                              = 8388608                                   {product} {ergonomic}
    uintx NonNMethodCodeHeapSize                   = 5839372                                {pd product} {ergonomic}
    uintx NonProfiledCodeHeapSize                  = 122909434                              {pd product} {ergonomic}
    uintx ProfiledCodeHeapSize                     = 122909434                              {pd product} {ergonomic}
    uintx ReservedCodeCacheSize                    = 251658240                              {pd product} {ergonomic}
     bool SegmentedCodeCache                       = true                                      {product} {ergonomic}
   size_t SoftMaxHeapSize                          = 2147483648                             {manageable} {ergonomic}
     bool UseCompressedOops                        = true                           {product lp64_product} {ergonomic}
     bool UseG1GC                                  = true                                      {product} {ergonomic}
     bool UseLargePagesIndividualAllocation        = false                                  {pd product} {ergonomic}

Logging:
Log output configuration:
 #0: stdout all=warning uptime,level,tags foldmultilines=false
 #1: stderr all=off uptime,level,tags foldmultilines=false

Release file:
JAVA_VERSION="21.0.9" 
MODULES="java.base java.compiler java.datatransfer java.xml java.prefs java.desktop java.instrument java.logging java.management java.security.sasl java.naming java.rmi java.management.rmi java.net.http java.scripting java.security.jgss java.transaction.xa java.sql java.sql.rowset java.xml.crypto java.se java.smartcardio jdk.accessibility jdk.internal.jvmstat jdk.attach jdk.charsets jdk.internal.opt jdk.zipfs jdk.compiler jdk.crypto.ec jdk.crypto.cryptoki jdk.dynalink jdk.hotspot.agent jdk.httpserver jdk.internal.ed jdk.internal.le jdk.internal.vm.ci jdk.jartool jdk.javadoc jdk.jcmd jdk.jdeps jdk.jdwp.agent jdk.jdi jdk.jfr jdk.jlink jdk.jsobject jdk.localedata jdk.management jdk.management.agent jdk.management.jfr jdk.naming.dns jdk.naming.rmi jdk.net jdk.sctp jdk.security.auth jdk.security.jgss jdk.unsupported jdk.unsupported.desktop jdk.xml.dom" 
IMPLEMENTOR="JetBrains s.r.o." 
JAVA_RUNTIME_VERSION="21.0.9+-14649483-b1163.86" 
LIBC="default" 
OS_ARCH="x86_64" 
OS_NAME="Windows" 
SOURCE=".:git:554d0c326095" 

Environment Variables:
PATH=C:\Program Files\Common Files\Oracle\Java\javapath;C:\Windows\system32;C:\Windows;C:\Windows\System32\Wbem;C:\Windows\System32\WindowsPowerShell\v1.0\;C:\Windows\System32\OpenSSH\;C:\Program Files\dotnet\;C:\WINDOWS\system32;C:\WINDOWS;C:\WINDOWS\System32\Wbem;C:\WINDOWS\System32\WindowsPowerShell\v1.0\;C:\WINDOWS\System32\OpenSSH\;C:\Program Files\Java\jdk-21\bin;C:\Program Files (x86)\dotnet\;C:\Program Files\Microsoft SQL Server\150\Tools\Binn\;C:\Program Files\Microsoft SQL Server\Client SDK\ODBC\170\Tools\Binn\;C:\Program Files\Redis;;C:\Program Files\Docker\Docker\resources\bin;C:\Program Files\PuTTY\;C:\Users\maksi\AppData\Local\Programs\Python\Python313\Scripts\;C:\Users\maksi\AppData\Local\Programs\Python\Python313\;C:\Users\maksi\AppData\Local\Microsoft\WindowsApps;C:\Users\maksi\AppData\Local\Programs\Git\cmd;C:\Users\maksi\AppData\Local\Programs\Git\mingw64\bin;C:\Users\maksi\AppData\Local\Programs\Git\usr\bin;C:\Users\maksi\AppData\Local\GitHubDesktop\bin;C:\Users\maksi\.dotnet\tools;
USERNAME=maksi
OS=Windows_NT
PROCESSOR_IDENTIFIER=AMD64 Family 23 Model 104 Stepping 1, AuthenticAMD
TMP=C:\Users\maksi\AppData\Local\Temp
TEMP=C:\Users\maksi\AppData\Local\Temp




Periodic native trim disabled

JNI global refs:
JNI global refs: 24, weak refs: 0

JNI global refs memory usage: 835, weak refs: 201

Process memory usage:
Resident Set Size: 148660K (2% of 6149880K total physical memory with 342232K free physical memory)

OOME stack traces (most recent first):
Classloader memory used:
Loader bootstrap                                                                       : 15699K
Loader org.gradle.internal.classloader.VisitableURLClassLoader                         : 6591K
Loader org.gradle.initialization.MixInLegacyTypesClassLoader                           : 285K
Loader jdk.internal.loader.ClassLoaders$AppClassLoader                                 : 230K
Loader jdk.internal.loader.ClassLoaders$PlatformClassLoader                            : 148K

Classes loaded by more than one classloader:
Class org.gradle.internal.classloader.FilteringClassLoader                            : loaded 2 times (x 105B)
Class org.gradle.internal.classloader.ClassLoaderHierarchy                            : loaded 2 times (x 70B)
Class org.gradle.api.internal.classpath.ManifestUtil                                  : loaded 2 times (x 71B)
Class org.gradle.internal.classloader.DefaultClassLoaderFactory                       : loaded 2 times (x 82B)
Class org.gradle.internal.classloader.ClassLoaderVisitor                              : loaded 2 times (x 76B)
Class org.gradle.api.internal.classpath.EffectiveClassPath                            : loaded 2 times (x 90B)
Class org.gradle.api.internal.DefaultClassPathProvider                                : loaded 2 times (x 76B)
Class [Lorg.gradle.api.internal.ClassPathProvider;                                    : loaded 2 times (x 69B)
Class org.gradle.api.internal.ClassPathProvider                                       : loaded 2 times (x 70B)
Class org.gradle.internal.service.UnknownServiceException                             : loaded 2 times (x 83B)
Class org.gradle.internal.classpath.TransformedClassPath                              : loaded 2 times (x 96B)
Class org.gradle.internal.classloader.InstrumentingClassLoader                        : loaded 2 times (x 70B)
Class org.gradle.internal.service.ServiceLocator                                      : loaded 2 times (x 70B)
Class org.gradle.internal.classloader.ClasspathUtil$1                                 : loaded 2 times (x 76B)
Class org.gradle.api.internal.classpath.DefaultModuleRegistry$DefaultModule           : loaded 2 times (x 86B)
Class org.gradle.api.internal.classpath.Module                                        : loaded 2 times (x 70B)
Class org.gradle.api.internal.classpath.UnknownModuleException                        : loaded 2 times (x 82B)
Class org.gradle.api.internal.DefaultClassPathRegistry                                : loaded 2 times (x 76B)
Class org.gradle.api.internal.ClassPathRegistry                                       : loaded 2 times (x 70B)
Class org.gradle.internal.classpath.DefaultClassPath$ImmutableUniqueList              : loaded 2 times (x 199B)
Class org.gradle.internal.classpath.ClassPath                                         : loaded 2 times (x 70B)
Class org.gradle.api.internal.classpath.ModuleRegistry                                : loaded 2 times (x 70B)
Class org.gradle.internal.installation.GradleInstallation$1                           : loaded 2 times (x 75B)
Class org.gradle.api.internal.classpath.DefaultModuleRegistry                         : loaded 2 times (x 86B)
Class org.gradle.internal.service.ServiceLookupException                              : loaded 2 times (x 82B)
Class org.gradle.internal.classloader.ClassLoaderFactory                              : loaded 2 times (x 70B)
Class org.gradle.internal.service.CachingServiceLocator                               : loaded 2 times (x 82B)
Class org.gradle.internal.classloader.ClasspathUtil                                   : loaded 2 times (x 71B)
Class org.gradle.api.specs.Spec                                                       : loaded 2 times (x 70B)
Class org.gradle.internal.classloader.VisitableURLClassLoader$InstrumentingVisitableURLClassLoader: loaded 2 times (x 123B)
Class org.gradle.internal.classloader.VisitableURLClassLoader$Spec                    : loaded 2 times (x 74B)
Class org.gradle.internal.classpath.DefaultClassPath                                  : loaded 2 times (x 90B)
Class org.gradle.internal.classloader.ClassLoaderSpec                                 : loaded 2 times (x 71B)
Class org.gradle.internal.classloader.VisitableURLClassLoader                         : loaded 2 times (x 117B)
Class org.gradle.internal.Cast                                                        : loaded 2 times (x 71B)
Class org.gradle.api.Action                                                           : loaded 2 times (x 70B)
Class org.gradle.internal.classpath.DefaultClassPath$ImmutableUniqueList$Builder      : loaded 2 times (x 75B)
Class org.gradle.api.GradleException                                                  : loaded 2 times (x 82B)
Class org.gradle.internal.IoActions                                                   : loaded 2 times (x 71B)
Class org.gradle.internal.classloader.SystemClassLoaderSpec                           : loaded 2 times (x 71B)
Class org.gradle.api.internal.classpath.GlobalCacheRootsProvider                      : loaded 2 times (x 70B)
Class org.gradle.internal.installation.CurrentGradleInstallationLocator               : loaded 2 times (x 71B)
Class org.gradle.internal.service.DefaultServiceLocator                               : loaded 2 times (x 83B)
Class org.gradle.internal.installation.CurrentGradleInstallation                      : loaded 2 times (x 73B)
Class org.gradle.util.internal.GUtil                                                  : loaded 2 times (x 71B)
Class org.gradle.internal.installation.GradleInstallation                             : loaded 2 times (x 75B)

---------------  S Y S T E M  ---------------

OS:
 Windows 11 , 64 bit Build 26100 (10.0.26100.7920)
OS uptime: 10 days 8:38 hours
Hyper-V role detected

CPU: total 12 (initial active 12) (12 cores per cpu, 2 threads per core) family 23 model 104 stepping 1 microcode 0x8608103, cx8, cmov, fxsr, ht, mmx, 3dnowpref, sse, sse2, sse3, ssse3, sse4a, sse4.1, sse4.2, popcnt, lzcnt, tsc, tscinvbit, avx, avx2, aes, clmul, bmi1, bmi2, adx, sha, fma, vzeroupper, clflush, clflushopt, hv, rdtscp, rdpid, f16c
Processor Information for the first 12 processors :
  Max Mhz: 2100, Current Mhz: 2100, Mhz Limit: 2100

Memory: 4k page, system-wide physical 6005M (437M free)
TotalPageFile size 24437M (AvailPageFile size 366M)
current process WorkingSet (physical memory assigned to process): 145M, peak: 156M
current process commit charge ("private bytes"): 208M, peak: 222M

vm_info: OpenJDK 64-Bit Server VM (21.0.9+-14649483-b1163.86) for windows-amd64 JRE (21.0.9+-14649483-b1163.86), built on 2025-12-30T22:08:35Z by "builder" with MS VC++ 16.10 / 16.11 (VS2019)

END.
